Arguments: 
  C:\Program Files\nodejs\node.exe C:\Users\João Marcos\AppData\Roaming\npm\node_modules\yarn\bin\yarn.js install

PATH: 
  C:\Users\João Marcos\bin;C:\Program Files\Git\mingw64\bin;C:\Program Files\Git\usr\local\bin;C:\Program Files\Git\usr\bin;C:\Program Files\Git\usr\bin;C:\Program Files\Git\mingw64\bin;C:\Program Files\Git\usr\bin;C:\Users\João Marcos\bin;C:\Program Files (x86)\OpenJDK\jdk-8.0.352.08-hotspot\bin;C:\WINDOWS\system32;C:\WINDOWS;C:\WINDOWS\System32\Wbem;C:\WINDOWS\System32\WindowsPowerShell\v1.0;C:\WINDOWS\System32\OpenSSH;C:\Program Files\NVIDIA Corporation\NVIDIA NvDLISR;C:\Program Files\Git\cmd;C:\Program Files\Docker\Docker\resources\bin;C:\Program Files\nodejs;C:\Users\João Marcos\AppData\Local\Microsoft\WindowsApps;C:\Users\João Marcos\AppData\Local\Programs\Microsoft VS Code\bin;C:\Users\João Marcos\AppData\Roaming\npm;C:\Program Files\Git\usr\bin\vendor_perl;C:\Program Files\Git\usr\bin\core_perl

Yarn version: 
  1.22.19

Node version: 
  16.9.1

Platform: 
  win32 x64

Trace: 
  SyntaxError: C:\Users\João Marcos\Projetos\Java\configurationaws\package.json: Unexpected token } in JSON at position 1252
      at JSON.parse (<anonymous>)
      at C:\Users\João Marcos\AppData\Roaming\npm\node_modules\yarn\lib\cli.js:1629:59
      at Generator.next (<anonymous>)
      at step (C:\Users\João Marcos\AppData\Roaming\npm\node_modules\yarn\lib\cli.js:310:30)
      at C:\Users\João Marcos\AppData\Roaming\npm\node_modules\yarn\lib\cli.js:321:13

npm manifest: 
  {
    "name": "awscreateambientmode",
    "version": "1.0.0",
    "main": "src/index.ts",
    "license": "MIT",
    "scripts": {
      "aws": "ts-node-dev src/index.ts"
    },
    "dependencies": {
      "@aws-sdk/client-s3": "^3.32.0",
      "aws-sdk": "^2.1288.0",
      "dotenv": "^16.0.3",
      "requirejs": "^2.3.6"
    },
    "devDependencies": {
      "@types/node": "^18.11.18",
      "js-yaml": "^4.1.0",
      "js-yaml-import": "^1.0.3",
      "ts-node-dev": "^2.0.0",
      "tsconfig-paths": "^4.1.2",
      "typescript": "^4.9.4",
      "@babel/cli": "^7.10.1",
      "@babel/core": "^7.10.2",
      "@babel/node": "^7.10.1",
      "@babel/preset-env": "^7.10.2",
      "@babel/preset-typescript": "^7.10.1",
      "@types/express": "^4.17.6",
      "@types/jest": "^26.0.0",
      "@typescript-eslint/eslint-plugin": "^3.3.0",
      "@typescript-eslint/parser": "^3.3.0",
      "babel-plugin-module-resolver": "^4.0.0",
      "eslint": "^7.3.0",
      "eslint-config-prettier": "^6.11.0",
      "eslint-config-standard": "^14.1.1",
      "eslint-plugin-import": "^2.21.2",
      "eslint-plugin-node": "^11.1.0",
      "eslint-plugin-prettier": "^3.1.4",
      "eslint-plugin-promise": "^4.2.1",
      "eslint-plugin-standard": "^4.0.1",
      "jest": "^26.0.1",
      "prettier": "^2.0.5",
      "ts-jest": "^26.1.0",
    }
  }

yarn manifest: 
  No manifest

Lockfile: 
  # THIS IS AN AUTOGENERATED FILE. DO NOT EDIT THIS FILE DIRECTLY.
  # yarn lockfile v1
  
  
  "@aws-crypto/crc32@2.0.0":
    version "2.0.0"
    resolved "https://registry.yarnpkg.com/@aws-crypto/crc32/-/crc32-2.0.0.tgz#4ad432a3c03ec3087c5540ff6e41e6565d2dc153"
    integrity sha512-TvE1r2CUueyXOuHdEigYjIZVesInd9KN+K/TFFNfkkxRThiNxO6i4ZqqAVMoEjAamZZ1AA8WXJkjCz7YShHPQA==
    dependencies:
      "@aws-crypto/util" "^2.0.0"
      "@aws-sdk/types" "^3.1.0"
      tslib "^1.11.1"
  
  "@aws-crypto/crc32c@2.0.0":
    version "2.0.0"
    resolved "https://registry.yarnpkg.com/@aws-crypto/crc32c/-/crc32c-2.0.0.tgz#4235336ef78f169f6a05248906703b9b78da676e"
    integrity sha512-vF0eMdMHx3O3MoOXUfBZry8Y4ZDtcuskjjKgJz8YfIDjLStxTZrYXk+kZqtl6A0uCmmiN/Eb/JbC/CndTV1MHg==
    dependencies:
      "@aws-crypto/util" "^2.0.0"
      "@aws-sdk/types" "^3.1.0"
      tslib "^1.11.1"
  
  "@aws-crypto/ie11-detection@^2.0.0":
    version "2.0.2"
    resolved "https://registry.yarnpkg.com/@aws-crypto/ie11-detection/-/ie11-detection-2.0.2.tgz#9c39f4a5558196636031a933ec1b4792de959d6a"
    integrity sha512-5XDMQY98gMAf/WRTic5G++jfmS/VLM0rwpiOpaainKi4L0nqWMSB1SzsrEG5rjFZGYN6ZAefO+/Yta2dFM0kMw==
    dependencies:
      tslib "^1.11.1"
  
  "@aws-crypto/sha1-browser@2.0.0":
    version "2.0.0"
    resolved "https://registry.yarnpkg.com/@aws-crypto/sha1-browser/-/sha1-browser-2.0.0.tgz#71e735df20ea1d38f59259c4b1a2e00ca74a0eea"
    integrity sha512-3fIVRjPFY8EG5HWXR+ZJZMdWNRpwbxGzJ9IH9q93FpbgCH8u8GHRi46mZXp3cYD7gealmyqpm3ThZwLKJjWJhA==
    dependencies:
      "@aws-crypto/ie11-detection" "^2.0.0"
      "@aws-crypto/supports-web-crypto" "^2.0.0"
      "@aws-sdk/types" "^3.1.0"
      "@aws-sdk/util-locate-window" "^3.0.0"
      "@aws-sdk/util-utf8-browser" "^3.0.0"
      tslib "^1.11.1"
  
  "@aws-crypto/sha256-browser@2.0.0":
    version "2.0.0"
    resolved "https://registry.yarnpkg.com/@aws-crypto/sha256-browser/-/sha256-browser-2.0.0.tgz#741c9024df55ec59b51e5b1f5d806a4852699fb5"
    integrity sha512-rYXOQ8BFOaqMEHJrLHul/25ckWH6GTJtdLSajhlqGMx0PmSueAuvboCuZCTqEKlxR8CQOwRarxYMZZSYlhRA1A==
    dependencies:
      "@aws-crypto/ie11-detection" "^2.0.0"
      "@aws-crypto/sha256-js" "^2.0.0"
      "@aws-crypto/supports-web-crypto" "^2.0.0"
      "@aws-crypto/util" "^2.0.0"
      "@aws-sdk/types" "^3.1.0"
      "@aws-sdk/util-locate-window" "^3.0.0"
      "@aws-sdk/util-utf8-browser" "^3.0.0"
      tslib "^1.11.1"
  
  "@aws-crypto/sha256-js@2.0.0":
    version "2.0.0"
    resolved "https://registry.yarnpkg.com/@aws-crypto/sha256-js/-/sha256-js-2.0.0.tgz#f1f936039bdebd0b9e2dd834d65afdc2aac4efcb"
    integrity sha512-VZY+mCY4Nmrs5WGfitmNqXzaE873fcIZDu54cbaDaaamsaTOP1DBImV9F4pICc3EHjQXujyE8jig+PFCaew9ig==
    dependencies:
      "@aws-crypto/util" "^2.0.0"
      "@aws-sdk/types" "^3.1.0"
      tslib "^1.11.1"
  
  "@aws-crypto/sha256-js@^2.0.0":
    version "2.0.2"
    resolved "https://registry.yarnpkg.com/@aws-crypto/sha256-js/-/sha256-js-2.0.2.tgz#c81e5d378b8a74ff1671b58632779986e50f4c99"
    integrity sha512-iXLdKH19qPmIC73fVCrHWCSYjN/sxaAvZ3jNNyw6FclmHyjLKg0f69WlC9KTnyElxCR5MO9SKaG00VwlJwyAkQ==
    dependencies:
      "@aws-crypto/util" "^2.0.2"
      "@aws-sdk/types" "^3.110.0"
      tslib "^1.11.1"
  
  "@aws-crypto/supports-web-crypto@^2.0.0":
    version "2.0.2"
    resolved "https://registry.yarnpkg.com/@aws-crypto/supports-web-crypto/-/supports-web-crypto-2.0.2.tgz#9f02aafad8789cac9c0ab5faaebb1ab8aa841338"
    integrity sha512-6mbSsLHwZ99CTOOswvCRP3C+VCWnzBf+1SnbWxzzJ9lR0mA0JnY2JEAhp8rqmTE0GPFy88rrM27ffgp62oErMQ==
    dependencies:
      tslib "^1.11.1"
  
  "@aws-crypto/util@^2.0.0", "@aws-crypto/util@^2.0.2":
    version "2.0.2"
    resolved "https://registry.yarnpkg.com/@aws-crypto/util/-/util-2.0.2.tgz#adf5ff5dfbc7713082f897f1d01e551ce0edb9c0"
    integrity sha512-Lgu5v/0e/BcrZ5m/IWqzPUf3UYFTy/PpeED+uc9SWUR1iZQL8XXbGQg10UfllwwBryO3hFF5dizK+78aoXC1eA==
    dependencies:
      "@aws-sdk/types" "^3.110.0"
      "@aws-sdk/util-utf8-browser" "^3.0.0"
      tslib "^1.11.1"
  
  "@aws-sdk/abort-controller@3.226.0":
    version "3.226.0"
    resolved "https://registry.yarnpkg.com/@aws-sdk/abort-controller/-/abort-controller-3.226.0.tgz#3adffb8ee5af57ddb154e8544a8eeec76ad32271"
    integrity sha512-cJVzr1xxPBd08voknXvR0RLgtZKGKt6WyDpH/BaPCu3rfSqWCDZKzwqe940eqosjmKrxC6pUZNKASIqHOQ8xxQ==
    dependencies:
      "@aws-sdk/types" "3.226.0"
      tslib "^2.3.1"
  
  "@aws-sdk/chunked-blob-reader-native@3.208.0":
    version "3.208.0"
    resolved "https://registry.yarnpkg.com/@aws-sdk/chunked-blob-reader-native/-/chunked-blob-reader-native-3.208.0.tgz#cdbd12c89a4f3ddd91bf707da8bb4af311487cc5"
    integrity sha512-JeOZ95PW+fJ6bbuqPySYqLqHk1n4+4ueEEraJsiUrPBV0S1ZtyvOGHcnGztKUjr2PYNaiexmpWuvUve9K12HRA==
    dependencies:
      "@aws-sdk/util-base64" "3.208.0"
      tslib "^2.3.1"
  
  "@aws-sdk/chunked-blob-reader@3.188.0":
    version "3.188.0"
    resolved "https://registry.yarnpkg.com/@aws-sdk/chunked-blob-reader/-/chunked-blob-reader-3.188.0.tgz#18181b27511ab512e56b9f2cef30d2abbef639dc"
    integrity sha512-zkPRFZZPL3eH+kH86LDYYXImiClA1/sW60zYOjse9Pgka+eDJlvBN6hcYxwDEKjcwATYiSRR1aVQHcfCinlGXg==
    dependencies:
      tslib "^2.3.1"
  
  "@aws-sdk/client-s3@^3.32.0":
    version "3.245.0"
    resolved "https://registry.yarnpkg.com/@aws-sdk/client-s3/-/client-s3-3.245.0.tgz#67b11959512c93fdb7e8995efdc40c01993f455a"
    integrity sha512-wdCrEiqIfwtWebrK7A1giRggwO64S6I2iPXTwRmat4AR6sFlMO02jVFaIDyA8TTiVnBMz7ekT1QFmIjFAKc4uQ==
    dependencies:
      "@aws-crypto/sha1-browser" "2.0.0"
      "@aws-crypto/sha256-browser" "2.0.0"
      "@aws-crypto/sha256-js" "2.0.0"
      "@aws-sdk/client-sts" "3.245.0"
      "@aws-sdk/config-resolver" "3.234.0"
      "@aws-sdk/credential-provider-node" "3.245.0"
      "@aws-sdk/eventstream-serde-browser" "3.226.0"
      "@aws-sdk/eventstream-serde-config-resolver" "3.226.0"
      "@aws-sdk/eventstream-serde-node" "3.226.0"
      "@aws-sdk/fetch-http-handler" "3.226.0"
      "@aws-sdk/hash-blob-browser" "3.226.0"
      "@aws-sdk/hash-node" "3.226.0"
      "@aws-sdk/hash-stream-node" "3.226.0"
      "@aws-sdk/invalid-dependency" "3.226.0"
      "@aws-sdk/md5-js" "3.226.0"
      "@aws-sdk/middleware-bucket-endpoint" "3.226.0"
      "@aws-sdk/middleware-content-length" "3.226.0"
      "@aws-sdk/middleware-endpoint" "3.226.0"
      "@aws-sdk/middleware-expect-continue" "3.226.0"
      "@aws-sdk/middleware-flexible-checksums" "3.226.0"
      "@aws-sdk/middleware-host-header" "3.226.0"
      "@aws-sdk/middleware-location-constraint" "3.226.0"
      "@aws-sdk/middleware-logger" "3.226.0"
      "@aws-sdk/middleware-recursion-detection" "3.226.0"
      "@aws-sdk/middleware-retry" "3.235.0"
      "@aws-sdk/middleware-sdk-s3" "3.231.0"
      "@aws-sdk/middleware-serde" "3.226.0"
      "@aws-sdk/middleware-signing" "3.226.0"
      "@aws-sdk/middleware-ssec" "3.226.0"
      "@aws-sdk/middleware-stack" "3.226.0"
      "@aws-sdk/middleware-user-agent" "3.226.0"
      "@aws-sdk/node-config-provider" "3.226.0"
      "@aws-sdk/node-http-handler" "3.226.0"
      "@aws-sdk/protocol-http" "3.226.0"
      "@aws-sdk/signature-v4-multi-region" "3.226.0"
      "@aws-sdk/smithy-client" "3.234.0"
      "@aws-sdk/types" "3.226.0"
      "@aws-sdk/url-parser" "3.226.0"
      "@aws-sdk/util-base64" "3.208.0"
      "@aws-sdk/util-body-length-browser" "3.188.0"
      "@aws-sdk/util-body-length-node" "3.208.0"
      "@aws-sdk/util-defaults-mode-browser" "3.234.0"
      "@aws-sdk/util-defaults-mode-node" "3.234.0"
      "@aws-sdk/util-endpoints" "3.245.0"
      "@aws-sdk/util-retry" "3.229.0"
      "@aws-sdk/util-stream-browser" "3.226.0"
      "@aws-sdk/util-stream-node" "3.226.0"
      "@aws-sdk/util-user-agent-browser" "3.226.0"
      "@aws-sdk/util-user-agent-node" "3.226.0"
      "@aws-sdk/util-utf8-browser" "3.188.0"
      "@aws-sdk/util-utf8-node" "3.208.0"
      "@aws-sdk/util-waiter" "3.226.0"
      "@aws-sdk/xml-builder" "3.201.0"
      fast-xml-parser "4.0.11"
      tslib "^2.3.1"
  
  "@aws-sdk/client-sso-oidc@3.245.0":
    version "3.245.0"
    resolved "https://registry.yarnpkg.com/@aws-sdk/client-sso-oidc/-/client-sso-oidc-3.245.0.tgz#3235c856c7bd2ceddf9ac1bda6d599465b8e3dd7"
    integrity sha512-0pGPA00kEsu2Yq1Ul+OwftHxws5YVllm4iZrPtGnqmXr7wmf6B9lOtrMQF44y7Tfw53po6+bKz08OKTEWkkjUA==
    dependencies:
      "@aws-crypto/sha256-browser" "2.0.0"
      "@aws-crypto/sha256-js" "2.0.0"
      "@aws-sdk/config-resolver" "3.234.0"
      "@aws-sdk/fetch-http-handler" "3.226.0"
      "@aws-sdk/hash-node" "3.226.0"
      "@aws-sdk/invalid-dependency" "3.226.0"
      "@aws-sdk/middleware-content-length" "3.226.0"
      "@aws-sdk/middleware-endpoint" "3.226.0"
      "@aws-sdk/middleware-host-header" "3.226.0"
      "@aws-sdk/middleware-logger" "3.226.0"
      "@aws-sdk/middleware-recursion-detection" "3.226.0"
      "@aws-sdk/middleware-retry" "3.235.0"
      "@aws-sdk/middleware-serde" "3.226.0"
      "@aws-sdk/middleware-stack" "3.226.0"
      "@aws-sdk/middleware-user-agent" "3.226.0"
      "@aws-sdk/node-config-provider" "3.226.0"
      "@aws-sdk/node-http-handler" "3.226.0"
      "@aws-sdk/protocol-http" "3.226.0"
      "@aws-sdk/smithy-client" "3.234.0"
      "@aws-sdk/types" "3.226.0"
      "@aws-sdk/url-parser" "3.226.0"
      "@aws-sdk/util-base64" "3.208.0"
      "@aws-sdk/util-body-length-browser" "3.188.0"
      "@aws-sdk/util-body-length-node" "3.208.0"
      "@aws-sdk/util-defaults-mode-browser" "3.234.0"
      "@aws-sdk/util-defaults-mode-node" "3.234.0"
      "@aws-sdk/util-endpoints" "3.245.0"
      "@aws-sdk/util-retry" "3.229.0"
      "@aws-sdk/util-user-agent-browser" "3.226.0"
      "@aws-sdk/util-user-agent-node" "3.226.0"
      "@aws-sdk/util-utf8-browser" "3.188.0"
      "@aws-sdk/util-utf8-node" "3.208.0"
      tslib "^2.3.1"
  
  "@aws-sdk/client-sso@3.245.0":
    version "3.245.0"
    resolved "https://registry.yarnpkg.com/@aws-sdk/client-sso/-/client-sso-3.245.0.tgz#91ee2973c9cc052cc3afcecd789cd53ffc9a1950"
    integrity sha512-dxzRwRo55ZNQ4hQigC+cishxLSWlBrbr3iszG0FLviavLDOlnVG5UUxWpOIGvwr8pYiSfM4jnfMxiwYwiCLg1g==
    dependencies:
      "@aws-crypto/sha256-browser" "2.0.0"
      "@aws-crypto/sha256-js" "2.0.0"
      "@aws-sdk/config-resolver" "3.234.0"
      "@aws-sdk/fetch-http-handler" "3.226.0"
      "@aws-sdk/hash-node" "3.226.0"
      "@aws-sdk/invalid-dependency" "3.226.0"
      "@aws-sdk/middleware-content-length" "3.226.0"
      "@aws-sdk/middleware-endpoint" "3.226.0"
      "@aws-sdk/middleware-host-header" "3.226.0"
      "@aws-sdk/middleware-logger" "3.226.0"
      "@aws-sdk/middleware-recursion-detection" "3.226.0"
      "@aws-sdk/middleware-retry" "3.235.0"
      "@aws-sdk/middleware-serde" "3.226.0"
      "@aws-sdk/middleware-stack" "3.226.0"
      "@aws-sdk/middleware-user-agent" "3.226.0"
      "@aws-sdk/node-config-provider" "3.226.0"
      "@aws-sdk/node-http-handler" "3.226.0"
      "@aws-sdk/protocol-http" "3.226.0"
      "@aws-sdk/smithy-client" "3.234.0"
      "@aws-sdk/types" "3.226.0"
      "@aws-sdk/url-parser" "3.226.0"
      "@aws-sdk/util-base64" "3.208.0"
      "@aws-sdk/util-body-length-browser" "3.188.0"
      "@aws-sdk/util-body-length-node" "3.208.0"
      "@aws-sdk/util-defaults-mode-browser" "3.234.0"
      "@aws-sdk/util-defaults-mode-node" "3.234.0"
      "@aws-sdk/util-endpoints" "3.245.0"
      "@aws-sdk/util-retry" "3.229.0"
      "@aws-sdk/util-user-agent-browser" "3.226.0"
      "@aws-sdk/util-user-agent-node" "3.226.0"
      "@aws-sdk/util-utf8-browser" "3.188.0"
      "@aws-sdk/util-utf8-node" "3.208.0"
      tslib "^2.3.1"
  
  "@aws-sdk/client-sts@3.245.0":
    version "3.245.0"
    resolved "https://registry.yarnpkg.com/@aws-sdk/client-sts/-/client-sts-3.245.0.tgz#c1c46ca94d11786cf67a5f5adb6a44cd35d73546"
    integrity sha512-E+7v2sy34TLni/Dmz6bTU20NWvbHYH9sVUHKQ9kHhmFopUWrs4Nt77f85PbuiKJz/irjUh9ppT5q1odJNRKRVQ==
    dependencies:
      "@aws-crypto/sha256-browser" "2.0.0"
      "@aws-crypto/sha256-js" "2.0.0"
      "@aws-sdk/config-resolver" "3.234.0"
      "@aws-sdk/credential-provider-node" "3.245.0"
      "@aws-sdk/fetch-http-handler" "3.226.0"
      "@aws-sdk/hash-node" "3.226.0"
      "@aws-sdk/invalid-dependency" "3.226.0"
      "@aws-sdk/middleware-content-length" "3.226.0"
      "@aws-sdk/middleware-endpoint" "3.226.0"
      "@aws-sdk/middleware-host-header" "3.226.0"
      "@aws-sdk/middleware-logger" "3.226.0"
      "@aws-sdk/middleware-recursion-detection" "3.226.0"
      "@aws-sdk/middleware-retry" "3.235.0"
      "@aws-sdk/middleware-sdk-sts" "3.226.0"
      "@aws-sdk/middleware-serde" "3.226.0"
      "@aws-sdk/middleware-signing" "3.226.0"
      "@aws-sdk/middleware-stack" "3.226.0"
      "@aws-sdk/middleware-user-agent" "3.226.0"
      "@aws-sdk/node-config-provider" "3.226.0"
      "@aws-sdk/node-http-handler" "3.226.0"
      "@aws-sdk/protocol-http" "3.226.0"
      "@aws-sdk/smithy-client" "3.234.0"
      "@aws-sdk/types" "3.226.0"
      "@aws-sdk/url-parser" "3.226.0"
      "@aws-sdk/util-base64" "3.208.0"
      "@aws-sdk/util-body-length-browser" "3.188.0"
      "@aws-sdk/util-body-length-node" "3.208.0"
      "@aws-sdk/util-defaults-mode-browser" "3.234.0"
      "@aws-sdk/util-defaults-mode-node" "3.234.0"
      "@aws-sdk/util-endpoints" "3.245.0"
      "@aws-sdk/util-retry" "3.229.0"
      "@aws-sdk/util-user-agent-browser" "3.226.0"
      "@aws-sdk/util-user-agent-node" "3.226.0"
      "@aws-sdk/util-utf8-browser" "3.188.0"
      "@aws-sdk/util-utf8-node" "3.208.0"
      fast-xml-parser "4.0.11"
      tslib "^2.3.1"
  
  "@aws-sdk/config-resolver@3.234.0":
    version "3.234.0"
    resolved "https://registry.yarnpkg.com/@aws-sdk/config-resolver/-/config-resolver-3.234.0.tgz#29d8936b713b7ee59b26b335d4f6715d644fc089"
    integrity sha512-uZxy4wzllfvgCQxVc+Iqhde0NGAnfmV2hWR6ejadJaAFTuYNvQiRg9IqJy3pkyDPqXySiJ8Bom5PoJfgn55J/A==
    dependencies:
      "@aws-sdk/signature-v4" "3.226.0"
      "@aws-sdk/types" "3.226.0"
      "@aws-sdk/util-config-provider" "3.208.0"
      "@aws-sdk/util-middleware" "3.226.0"
      tslib "^2.3.1"
  
  "@aws-sdk/credential-provider-env@3.226.0":
    version "3.226.0"
    resolved "https://registry.yarnpkg.com/@aws-sdk/credential-provider-env/-/credential-provider-env-3.226.0.tgz#0bcb89a9abc166b3a48f5c255b9fcabc4cb80daf"
    integrity sha512-sd8uK1ojbXxaZXlthzw/VXZwCPUtU3PjObOfr3Evj7MPIM2IH8h29foOlggx939MdLQGboJf9gKvLlvKDWtJRA==
    dependencies:
      "@aws-sdk/property-provider" "3.226.0"
      "@aws-sdk/types" "3.226.0"
      tslib "^2.3.1"
  
  "@aws-sdk/credential-provider-imds@3.226.0":
    version "3.226.0"
    resolved "https://registry.yarnpkg.com/@aws-sdk/credential-provider-imds/-/credential-provider-imds-3.226.0.tgz#0a4558449eb261412b0490ea1c3242eb91659759"
    integrity sha512-//z/COQm2AjYFI1Lb0wKHTQSrvLFTyuKLFQGPJsKS7DPoxGOCKB7hmYerlbl01IDoCxTdyL//TyyPxbZEOQD5Q==
    dependencies:
      "@aws-sdk/node-config-provider" "3.226.0"
      "@aws-sdk/property-provider" "3.226.0"
      "@aws-sdk/types" "3.226.0"
      "@aws-sdk/url-parser" "3.226.0"
      tslib "^2.3.1"
  
  "@aws-sdk/credential-provider-ini@3.245.0":
    version "3.245.0"
    resolved "https://registry.yarnpkg.com/@aws-sdk/credential-provider-ini/-/credential-provider-ini-3.245.0.tgz#6d2b35603c831366cb66f7c651a75c3afd54ad24"
    integrity sha512-1SjfVc5Wg0lLRUvwMrfjGgFkl+zfxn74gnkPr6by1QyMAoTzmeUkalPLAIqd+uHtFom9e3K633BQtX7zVPZ5XQ==
    dependencies:
      "@aws-sdk/credential-provider-env" "3.226.0"
      "@aws-sdk/credential-provider-imds" "3.226.0"
      "@aws-sdk/credential-provider-process" "3.226.0"
      "@aws-sdk/credential-provider-sso" "3.245.0"
      "@aws-sdk/credential-provider-web-identity" "3.226.0"
      "@aws-sdk/property-provider" "3.226.0"
      "@aws-sdk/shared-ini-file-loader" "3.226.0"
      "@aws-sdk/types" "3.226.0"
      tslib "^2.3.1"
  
  "@aws-sdk/credential-provider-node@3.245.0":
    version "3.245.0"
    resolved "https://registry.yarnpkg.com/@aws-sdk/credential-provider-node/-/credential-provider-node-3.245.0.tgz#3df89fa2668940902b4c16c28df3d4e30b907ad2"
    integrity sha512-Dwv8zmRLTDLeEkGrK/sLNFZSC+ahXZxr07CuID054QKACIdUEvkqYlnalRiTeXngiHGQ54u8wU7f0D32R2oL0g==
    dependencies:
      "@aws-sdk/credential-provider-env" "3.226.0"
      "@aws-sdk/credential-provider-imds" "3.226.0"
      "@aws-sdk/credential-provider-ini" "3.245.0"
      "@aws-sdk/credential-provider-process" "3.226.0"
      "@aws-sdk/credential-provider-sso" "3.245.0"
      "@aws-sdk/credential-provider-web-identity" "3.226.0"
      "@aws-sdk/property-provider" "3.226.0"
      "@aws-sdk/shared-ini-file-loader" "3.226.0"
      "@aws-sdk/types" "3.226.0"
      tslib "^2.3.1"
  
  "@aws-sdk/credential-provider-process@3.226.0":
    version "3.226.0"
    resolved "https://registry.yarnpkg.com/@aws-sdk/credential-provider-process/-/credential-provider-process-3.226.0.tgz#bcd73a6d31d1b3181917d56e54aacbee242b077f"
    integrity sha512-iUDMdnrTvbvaCFhWwqyXrhvQ9+ojPqPqXhwZtY1X/Qaz+73S9gXBPJHZaZb2Ke0yKE1Ql3bJbKvmmxC/qLQMng==
    dependencies:
      "@aws-sdk/property-provider" "3.226.0"
      "@aws-sdk/shared-ini-file-loader" "3.226.0"
      "@aws-sdk/types" "3.226.0"
      tslib "^2.3.1"
  
  "@aws-sdk/credential-provider-sso@3.245.0":
    version "3.245.0"
    resolved "https://registry.yarnpkg.com/@aws-sdk/credential-provider-sso/-/credential-provider-sso-3.245.0.tgz#e5ea2db3d94e0bcc1af276c42363a9855294d812"
    integrity sha512-txWrJc0WNBhXMi7q+twjx7cs/qzgTfbQ+vbag5idRmdoUeiR8rfLvihCab2NaGg50xhh+TaoUCXrgJp3E/XjYQ==
    dependencies:
      "@aws-sdk/client-sso" "3.245.0"
      "@aws-sdk/property-provider" "3.226.0"
      "@aws-sdk/shared-ini-file-loader" "3.226.0"
      "@aws-sdk/token-providers" "3.245.0"
      "@aws-sdk/types" "3.226.0"
      tslib "^2.3.1"
  
  "@aws-sdk/credential-provider-web-identity@3.226.0":
    version "3.226.0"
    resolved "https://registry.yarnpkg.com/@aws-sdk/credential-provider-web-identity/-/credential-provider-web-identity-3.226.0.tgz#2b7d20f93a40e2243c7e3857f54b103d19a946fb"
    integrity sha512-CCpv847rLB0SFOHz2igvUMFAzeT2fD3YnY4C8jltuJoEkn0ITn1Hlgt13nTJ5BUuvyti2mvyXZHmNzhMIMrIlw==
    dependencies:
      "@aws-sdk/property-provider" "3.226.0"
      "@aws-sdk/types" "3.226.0"
      tslib "^2.3.1"
  
  "@aws-sdk/eventstream-codec@3.226.0":
    version "3.226.0"
    resolved "https://registry.yarnpkg.com/@aws-sdk/eventstream-codec/-/eventstream-codec-3.226.0.tgz#1f54fb2c0bb321d2636d068ee1e969a8c07586ab"
    integrity sha512-6uPtR8vSwz3fqoZk9hrb6qBYdp3PJ22+JxV5Wimdesvow4kJXSgDQXIxEkxbv6SxB9tNRB4uJHD84RetHEi15Q==
    dependencies:
      "@aws-crypto/crc32" "2.0.0"
      "@aws-sdk/types" "3.226.0"
      "@aws-sdk/util-hex-encoding" "3.201.0"
      tslib "^2.3.1"
  
  "@aws-sdk/eventstream-serde-browser@3.226.0":
    version "3.226.0"
    resolved "https://registry.yarnpkg.com/@aws-sdk/eventstream-serde-browser/-/eventstream-serde-browser-3.226.0.tgz#a1b880952b5d5b367fcff57be7c00682d01cef00"
    integrity sha512-otYC5aZE9eJUqAlKpy8w0rPDQ1eKGvZPtgxWXmFYSO2lDVGfI1nBBNmdZ4MdHqNuQ7ucsKMQYF8BFJ65K2tYPA==
    dependencies:
      "@aws-sdk/eventstream-serde-universal" "3.226.0"
      "@aws-sdk/types" "3.226.0"
      tslib "^2.3.1"
  
  "@aws-sdk/eventstream-serde-config-resolver@3.226.0":
    version "3.226.0"
    resolved "https://registry.yarnpkg.com/@aws-sdk/eventstream-serde-config-resolver/-/eventstream-serde-config-resolver-3.226.0.tgz#07aa985fd8c7d417442bb48786a63bad63bb1a5a"
    integrity sha512-A56Gypg+lyEfA5cna+EUH9XTrj0SvRG1gwNW7lrUzviN36SeA/LFTUIOEjxVML3Lowy+EPAcrSZ67h6aepoAig==
    dependencies:
      "@aws-sdk/types" "3.226.0"
      tslib "^2.3.1"
  
  "@aws-sdk/eventstream-serde-node@3.226.0":
    version "3.226.0"
    resolved "https://registry.yarnpkg.com/@aws-sdk/eventstream-serde-node/-/eventstream-serde-node-3.226.0.tgz#2f95e686ea51e452c1a3af4fa48242573e5ea3ad"
    integrity sha512-KWLnKkKDzI9RNkiK6OiSYpG/XjZfue6Bsp/vRG+H5z3fbXdHv4X2+iW+Efu2Kvn7jsUyUv82TCl57DyJ/HKYhQ==
    dependencies:
      "@aws-sdk/eventstream-serde-universal" "3.226.0"
      "@aws-sdk/types" "3.226.0"
      tslib "^2.3.1"
  
  "@aws-sdk/eventstream-serde-universal@3.226.0":
    version "3.226.0"
    resolved "https://registry.yarnpkg.com/@aws-sdk/eventstream-serde-universal/-/eventstream-serde-universal-3.226.0.tgz#f071c41b9706f129efad42c083a9ab5e2f2fc583"
    integrity sha512-Q8viYM1Sv90/yIUqyWNeG1GEvyVlAI3GIrInQcCMC+xT59jS+IKGy2y7ojCvSWXnhf5/HMXKcmG092QsqeKy0Q==
    dependencies:
      "@aws-sdk/eventstream-codec" "3.226.0"
      "@aws-sdk/types" "3.226.0"
      tslib "^2.3.1"
  
  "@aws-sdk/fetch-http-handler@3.226.0":
    version "3.226.0"
    resolved "https://registry.yarnpkg.com/@aws-sdk/fetch-http-handler/-/fetch-http-handler-3.226.0.tgz#350f78fc18fe9cb0a889ef4870838a8fcfa8855c"
    integrity sha512-JewZPMNEBXfi1xVnRa7pVtK/zgZD8/lQ/YnD8pq79WuMa2cwyhDtr8oqCoqsPW+WJT5ScXoMtuHxN78l8eKWgg==
    dependencies:
      "@aws-sdk/protocol-http" "3.226.0"
      "@aws-sdk/querystring-builder" "3.226.0"
      "@aws-sdk/types" "3.226.0"
      "@aws-sdk/util-base64" "3.208.0"
      tslib "^2.3.1"
  
  "@aws-sdk/hash-blob-browser@3.226.0":
    version "3.226.0"
    resolved "https://registry.yarnpkg.com/@aws-sdk/hash-blob-browser/-/hash-blob-browser-3.226.0.tgz#00143ed30f9bd8b671327a94609db2403036654d"
    integrity sha512-5DCvWE6L4xGoViEHyjcPFuUe1G2EtNx8TqswWaoaKgyasP/yuRm4H99Ra7rqIrjCcSTAGD9NVsUQvVVw1bGt9w==
    dependencies:
      "@aws-sdk/chunked-blob-reader" "3.188.0"
      "@aws-sdk/chunked-blob-reader-native" "3.208.0"
      "@aws-sdk/types" "3.226.0"
      tslib "^2.3.1"
  
  "@aws-sdk/hash-node@3.226.0":
    version "3.226.0"
    resolved "https://registry.yarnpkg.com/@aws-sdk/hash-node/-/hash-node-3.226.0.tgz#252d98bcbb1e13c8f26d9d416db03cf8cceac185"
    integrity sha512-MdlJhJ9/Espwd0+gUXdZRsHuostB2WxEVAszWxobP0FTT9PnicqnfK7ExmW+DUAc0ywxtEbR3e0UND65rlSTVw==
    dependencies:
      "@aws-sdk/types" "3.226.0"
      "@aws-sdk/util-buffer-from" "3.208.0"
      tslib "^2.3.1"
  
  "@aws-sdk/hash-stream-node@3.226.0":
    version "3.226.0"
    resolved "https://registry.yarnpkg.com/@aws-sdk/hash-stream-node/-/hash-stream-node-3.226.0.tgz#cdf4c231fa1dd6006532afc370626702c80e4c91"
    integrity sha512-cgNTGlF8SdHaQXtjEmuLXz2U8SLM2JDKtIVPku/lHTMsUsEn+fuv2C+h1f/hvd4aNw5t1zggym7sO1/h/rv56Q==
    dependencies:
      "@aws-sdk/types" "3.226.0"
      tslib "^2.3.1"
  
  "@aws-sdk/invalid-dependency@3.226.0":
    version "3.226.0"
    resolved "https://registry.yarnpkg.com/@aws-sdk/invalid-dependency/-/invalid-dependency-3.226.0.tgz#74586f60859ed1813985e3d642066cc46d2e9d40"
    integrity sha512-QXOYFmap8g9QzRjumcRCIo2GEZkdCwd7ePQW0OABWPhKHzlJ74vvBxywjU3s39EEBEluWXtZ7Iufg6GxZM4ifw==
    dependencies:
      "@aws-sdk/types" "3.226.0"
      tslib "^2.3.1"
  
  "@aws-sdk/is-array-buffer@3.201.0":
    version "3.201.0"
    resolved "https://registry.yarnpkg.com/@aws-sdk/is-array-buffer/-/is-array-buffer-3.201.0.tgz#06e557adc284fac2f26071c2944ae01f61b95854"
    integrity sha512-UPez5qLh3dNgt0DYnPD/q0mVJY84rA17QE26hVNOW3fAji8W2wrwrxdacWOxyXvlxWsVRcKmr+lay1MDqpAMfg==
    dependencies:
      tslib "^2.3.1"
  
  "@aws-sdk/md5-js@3.226.0":
    version "3.226.0"
    resolved "https://registry.yarnpkg.com/@aws-sdk/md5-js/-/md5-js-3.226.0.tgz#1400f9af49233e2cae7f90c3c93013b4ce3e39f6"
    integrity sha512-ENigJRNudqyh6xsch166SZ4gggHd3XzZJ8gkCU4CWPne04HcR3BkWSO774IuWooCHt8zkaEHKecPurRz6qR+Vw==
    dependencies:
      "@aws-sdk/types" "3.226.0"
      "@aws-sdk/util-utf8-browser" "3.188.0"
      "@aws-sdk/util-utf8-node" "3.208.0"
      tslib "^2.3.1"
  
  "@aws-sdk/middleware-bucket-endpoint@3.226.0":
    version "3.226.0"
    resolved "https://registry.yarnpkg.com/@aws-sdk/middleware-bucket-endpoint/-/middleware-bucket-endpoint-3.226.0.tgz#830ec9fa591667b9e848b69504f79f86717e97e7"
    integrity sha512-A1Vq5W2X7jgTfjqcKPmjoHohF0poP+9fxwL97fQMvzcwmjhtoCV3bLEpo6CGYx0pKPiSlRJXZkRwRPj2hDHDmA==
    dependencies:
      "@aws-sdk/protocol-http" "3.226.0"
      "@aws-sdk/types" "3.226.0"
      "@aws-sdk/util-arn-parser" "3.208.0"
      "@aws-sdk/util-config-provider" "3.208.0"
      tslib "^2.3.1"
  
  "@aws-sdk/middleware-content-length@3.226.0":
    version "3.226.0"
    resolved "https://registry.yarnpkg.com/@aws-sdk/middleware-content-length/-/middleware-content-length-3.226.0.tgz#6cc952049f6e3cdc3a3778c9dce9f2aee942b5fe"
    integrity sha512-ksUzlHJN2JMuyavjA46a4sctvnrnITqt2tbGGWWrAuXY1mel2j+VbgnmJUiwHKUO6bTFBBeft5Vd1TSOb4JmiA==
    dependencies:
      "@aws-sdk/protocol-http" "3.226.0"
      "@aws-sdk/types" "3.226.0"
      tslib "^2.3.1"
  
  "@aws-sdk/middleware-endpoint@3.226.0":
    version "3.226.0"
    resolved "https://registry.yarnpkg.com/@aws-sdk/middleware-endpoint/-/middleware-endpoint-3.226.0.tgz#d776480be4b5a9534c2805b7425be05497f840b7"
    integrity sha512-EvLFafjtUxTT0AC9p3aBQu1/fjhWdIeK58jIXaNFONfZ3F8QbEYUPuF/SqZvJM6cWfOO9qwYKkRDbCSTYhprIg==
    dependencies:
      "@aws-sdk/middleware-serde" "3.226.0"
      "@aws-sdk/protocol-http" "3.226.0"
      "@aws-sdk/signature-v4" "3.226.0"
      "@aws-sdk/types" "3.226.0"
      "@aws-sdk/url-parser" "3.226.0"
      "@aws-sdk/util-config-provider" "3.208.0"
      "@aws-sdk/util-middleware" "3.226.0"
      tslib "^2.3.1"
  
  "@aws-sdk/middleware-expect-continue@3.226.0":
    version "3.226.0"
    resolved "https://registry.yarnpkg.com/@aws-sdk/middleware-expect-continue/-/middleware-expect-continue-3.226.0.tgz#46a5b720ff896ce706ee4c01b0edcdb37bd8eaf4"
    integrity sha512-YxvQKTV/eA9P8AgW0hXOgj5Qa+TSnNFfyOkfeP089aP3f6p92b1cESf33TEOKsddive2mHT5LRCN6MuPcgWWrA==
    dependencies:
      "@aws-sdk/protocol-http" "3.226.0"
      "@aws-sdk/types" "3.226.0"
      tslib "^2.3.1"
  
  "@aws-sdk/middleware-flexible-checksums@3.226.0":
    version "3.226.0"
    resolved "https://registry.yarnpkg.com/@aws-sdk/middleware-flexible-checksums/-/middleware-flexible-checksums-3.226.0.tgz#01e2d983ffe855fb8c2b78d43cf81de26db32996"
    integrity sha512-8A9Ot9A7794UP5tMGl2MnfTW/UM/jYy1wRWF9YkR/hPIcPb7OmE0hmlwIQGzb/7grxpYw66ETKf0WeH/41YfeQ==
    dependencies:
      "@aws-crypto/crc32" "2.0.0"
      "@aws-crypto/crc32c" "2.0.0"
      "@aws-sdk/is-array-buffer" "3.201.0"
      "@aws-sdk/protocol-http" "3.226.0"
      "@aws-sdk/types" "3.226.0"
      tslib "^2.3.1"
  
  "@aws-sdk/middleware-host-header@3.226.0":
    version "3.226.0"
    resolved "https://registry.yarnpkg.com/@aws-sdk/middleware-host-header/-/middleware-host-header-3.226.0.tgz#1e1ecb034929e0dbc532ae501fd93781438f9a24"
    integrity sha512-haVkWVh6BUPwKgWwkL6sDvTkcZWvJjv8AgC8jiQuSl8GLZdzHTB8Qhi3IsfFta9HAuoLjxheWBE5Z/L0UrfhLA==
    dependencies:
      "@aws-sdk/protocol-http" "3.226.0"
      "@aws-sdk/types" "3.226.0"
      tslib "^2.3.1"
  
  "@aws-sdk/middleware-location-constraint@3.226.0":
    version "3.226.0"
    resolved "https://registry.yarnpkg.com/@aws-sdk/middleware-location-constraint/-/middleware-location-constraint-3.226.0.tgz#c6c24047953294015342d704d787be8e05df49d3"
    integrity sha512-qHiYaBYPc2R37KxG2uqsUUwh4usrQMHfGkrpTUnx5d4rGzM3mC+muPsTpSHnAL63K2/yJOHQJFjss3GGwV4SSA==
    dependencies:
      "@aws-sdk/types" "3.226.0"
      tslib "^2.3.1"
  
  "@aws-sdk/middleware-logger@3.226.0":
    version "3.226.0"
    resolved "https://registry.yarnpkg.com/@aws-sdk/middleware-logger/-/middleware-logger-3.226.0.tgz#37fd0e62f555befd526b03748c3aab60dcefecf3"
    integrity sha512-m9gtLrrYnpN6yckcQ09rV7ExWOLMuq8mMPF/K3DbL/YL0TuILu9i2T1W+JuxSX+K9FMG2HrLAKivE/kMLr55xA==
    dependencies:
      "@aws-sdk/types" "3.226.0"
      tslib "^2.3.1"
  
  "@aws-sdk/middleware-recursion-detection@3.226.0":
    version "3.226.0"
    resolved "https://registry.yarnpkg.com/@aws-sdk/middleware-recursion-detection/-/middleware-recursion-detection-3.226.0.tgz#e149b9138e94d2fa70e7752ba6b1ccb537009706"
    integrity sha512-mwRbdKEUeuNH5TEkyZ5FWxp6bL2UC1WbY+LDv6YjHxmSMKpAoOueEdtU34PqDOLrpXXxIGHDFmjeGeMfktyEcA==
    dependencies:
      "@aws-sdk/protocol-http" "3.226.0"
      "@aws-sdk/types" "3.226.0"
      tslib "^2.3.1"
  
  "@aws-sdk/middleware-retry@3.235.0":
    version "3.235.0"
    resolved "https://registry.yarnpkg.com/@aws-sdk/middleware-retry/-/middleware-retry-3.235.0.tgz#c0d938db85a771812204ed5e981eaf5eef6b580b"
    integrity sha512-50WHbJGpD3SNp9763MAlHqIhXil++JdQbKejNpHg7HsJne/ao3ub+fDOfx//mMBjpzBV25BGd5UlfL6blrClSg==
    dependencies:
      "@aws-sdk/protocol-http" "3.226.0"
      "@aws-sdk/service-error-classification" "3.229.0"
      "@aws-sdk/types" "3.226.0"
      "@aws-sdk/util-middleware" "3.226.0"
      "@aws-sdk/util-retry" "3.229.0"
      tslib "^2.3.1"
      uuid "^8.3.2"
  
  "@aws-sdk/middleware-sdk-s3@3.231.0":
    version "3.231.0"
    resolved "https://registry.yarnpkg.com/@aws-sdk/middleware-sdk-s3/-/middleware-sdk-s3-3.231.0.tgz#98a6f0ce1611b0dbdc96e6aaaa8979fa5d9b0644"
    integrity sha512-UGaSvevd2TanfKgStF46dDSHkh4bxOr1gdUkyHm9i+1pF5lx4KdbnBZv/5SKnn7XifhHRXrs1M3lTzemXREhTA==
    dependencies:
      "@aws-sdk/protocol-http" "3.226.0"
      "@aws-sdk/types" "3.226.0"
      "@aws-sdk/util-arn-parser" "3.208.0"
      tslib "^2.3.1"
  
  "@aws-sdk/middleware-sdk-sts@3.226.0":
    version "3.226.0"
    resolved "https://registry.yarnpkg.com/@aws-sdk/middleware-sdk-sts/-/middleware-sdk-sts-3.226.0.tgz#e8a8cf42bba8963259546120cde1e408628863f9"
    integrity sha512-NN9T/qoSD1kZvAT+VLny3NnlqgylYQcsgV3rvi/8lYzw/G/2s8VS6sm/VTWGGZhx08wZRv20MWzYu3bftcyqUg==
    dependencies:
      "@aws-sdk/middleware-signing" "3.226.0"
      "@aws-sdk/property-provider" "3.226.0"
      "@aws-sdk/protocol-http" "3.226.0"
      "@aws-sdk/signature-v4" "3.226.0"
      "@aws-sdk/types" "3.226.0"
      tslib "^2.3.1"
  
  "@aws-sdk/middleware-serde@3.226.0":
    version "3.226.0"
    resolved "https://registry.yarnpkg.com/@aws-sdk/middleware-serde/-/middleware-serde-3.226.0.tgz#c837ef33b34bec2af19a1c177a0c02a1ae20da5e"
    integrity sha512-nPuOOAkSfx9TxzdKFx0X2bDlinOxGrqD7iof926K/AEflxGD1DBdcaDdjlYlPDW2CVE8LV/rAgbYuLxh/E/1VA==
    dependencies:
      "@aws-sdk/types" "3.226.0"
      tslib "^2.3.1"
  
  "@aws-sdk/middleware-signing@3.226.0":
    version "3.226.0"
    resolved "https://registry.yarnpkg.com/@aws-sdk/middleware-signing/-/middleware-signing-3.226.0.tgz#ebb1d142ac2767466f2e464bb7dba9837143b4d1"
    integrity sha512-E6HmtPcl+IjYDDzi1xI2HpCbBq2avNWcjvCriMZWuTAtRVpnA6XDDGW5GY85IfS3A8G8vuWqEVPr8JcYUcjfew==
    dependencies:
      "@aws-sdk/property-provider" "3.226.0"
      "@aws-sdk/protocol-http" "3.226.0"
      "@aws-sdk/signature-v4" "3.226.0"
      "@aws-sdk/types" "3.226.0"
      "@aws-sdk/util-middleware" "3.226.0"
      tslib "^2.3.1"
  
  "@aws-sdk/middleware-ssec@3.226.0":
    version "3.226.0"
    resolved "https://registry.yarnpkg.com/@aws-sdk/middleware-ssec/-/middleware-ssec-3.226.0.tgz#4f160aa6822e2af1b1b8a755ff0710aefb66abfb"
    integrity sha512-DR97oWoLHiMdaUP/wu99HtzG7/ijvCrjZGDH37WBO1rxFtEti6L7T09wgHzwxMN8gtL8FJA7dU8IrffGSC9VmA==
    dependencies:
      "@aws-sdk/types" "3.226.0"
      tslib "^2.3.1"
  
  "@aws-sdk/middleware-stack@3.226.0":
    version "3.226.0"
    resolved "https://registry.yarnpkg.com/@aws-sdk/middleware-stack/-/middleware-stack-3.226.0.tgz#b0408370270188103987c457c758f9cf7651754f"
    integrity sha512-85wF29LvPvpoed60fZGDYLwv1Zpd/cM0C22WSSFPw1SSJeqO4gtFYyCg2squfT3KI6kF43IIkOCJ+L7GtryPug==
    dependencies:
      tslib "^2.3.1"
  
  "@aws-sdk/middleware-user-agent@3.226.0":
    version "3.226.0"
    resolved "https://registry.yarnpkg.com/@aws-sdk/middleware-user-agent/-/middleware-user-agent-3.226.0.tgz#26653189f3e8da86514f77688a80d0ad445c0799"
    integrity sha512-N1WnfzCW1Y5yWhVAphf8OPGTe8Df3vmV7/LdsoQfmpkCZgLZeK2o0xITkUQhRj1mbw7yp8tVFLFV3R2lMurdAQ==
    dependencies:
      "@aws-sdk/protocol-http" "3.226.0"
      "@aws-sdk/types" "3.226.0"
      tslib "^2.3.1"
  
  "@aws-sdk/node-config-provider@3.226.0":
    version "3.226.0"
    resolved "https://registry.yarnpkg.com/@aws-sdk/node-config-provider/-/node-config-provider-3.226.0.tgz#a9e21512ef824142bb928a0b2f85b39a75b8964d"
    integrity sha512-B8lQDqiRk7X5izFEUMXmi8CZLOKCTWQJU9HQf3ako+sF0gexo4nHN3jhoRWyLtcgC5S3on/2jxpAcqtm7kuY3w==
    dependencies:
      "@aws-sdk/property-provider" "3.226.0"
      "@aws-sdk/shared-ini-file-loader" "3.226.0"
      "@aws-sdk/types" "3.226.0"
      tslib "^2.3.1"
  
  "@aws-sdk/node-http-handler@3.226.0":
    version "3.226.0"
    resolved "https://registry.yarnpkg.com/@aws-sdk/node-http-handler/-/node-http-handler-3.226.0.tgz#373886e949d214a99a3521bd6c141fa17b0e89fe"
    integrity sha512-xQCddnZNMiPmjr3W7HYM+f5ir4VfxgJh37eqZwX6EZmyItFpNNeVzKUgA920ka1VPz/ZUYB+2OFGiX3LCLkkaA==
    dependencies:
      "@aws-sdk/abort-controller" "3.226.0"
      "@aws-sdk/protocol-http" "3.226.0"
      "@aws-sdk/querystring-builder" "3.226.0"
      "@aws-sdk/types" "3.226.0"
      tslib "^2.3.1"
  
  "@aws-sdk/property-provider@3.226.0":
    version "3.226.0"
    resolved "https://registry.yarnpkg.com/@aws-sdk/property-provider/-/property-provider-3.226.0.tgz#ef0ff37c319dc37a52f08fa7544f861308a3bbd8"
    integrity sha512-TsljjG+Sg0LmdgfiAlWohluWKnxB/k8xenjeozZfzOr5bHmNHtdbWv6BtNvD/R83hw7SFXxbJHlD5H4u9p2NFg==
    dependencies:
      "@aws-sdk/types" "3.226.0"
      tslib "^2.3.1"
  
  "@aws-sdk/protocol-http@3.226.0":
    version "3.226.0"
    resolved "https://registry.yarnpkg.com/@aws-sdk/protocol-http/-/protocol-http-3.226.0.tgz#0af7bdc331508e556b722aad0cb78eefa93466e3"
    integrity sha512-zWkVqiTA9RXL6y0hhfZc9bcU4DX2NI6Hw9IhQmSPeM59mdbPjJlY4bLlMr5YxywqO3yQ/ylNoAfrEzrDjlOSRg==
    dependencies:
      "@aws-sdk/types" "3.226.0"
      tslib "^2.3.1"
  
  "@aws-sdk/querystring-builder@3.226.0":
    version "3.226.0"
    resolved "https://registry.yarnpkg.com/@aws-sdk/querystring-builder/-/querystring-builder-3.226.0.tgz#11cd751abeac66f1f9349225454bac3e39808926"
    integrity sha512-LVurypuNeotO4lmirKXRC4NYrZRAyMJXuwO0f2a5ZAUJCjauwYrifKue6yCfU7bls7gut7nfcR6B99WBYpHs3g==
    dependencies:
      "@aws-sdk/types" "3.226.0"
      "@aws-sdk/util-uri-escape" "3.201.0"
      tslib "^2.3.1"
  
  "@aws-sdk/querystring-parser@3.226.0":
    version "3.226.0"
    resolved "https://registry.yarnpkg.com/@aws-sdk/querystring-parser/-/querystring-parser-3.226.0.tgz#ba6a26727c98d46c95180e6cdc463039c5e4740d"
    integrity sha512-FzB+VrQ47KAFxiPt2YXrKZ8AOLZQqGTLCKHzx4bjxGmwgsjV8yIbtJiJhZLMcUQV4LtGeIY9ixIqQhGvnZHE4A==
    dependencies:
      "@aws-sdk/types" "3.226.0"
      tslib "^2.3.1"
  
  "@aws-sdk/service-error-classification@3.229.0":
    version "3.229.0"
    resolved "https://registry.yarnpkg.com/@aws-sdk/service-error-classification/-/service-error-classification-3.229.0.tgz#768f1eb92775ca2cc99c6451a2303a0008a28fc1"
    integrity sha512-dnzWWQ0/NoWMUZ5C0DW3dPm0wC1O76Y/SpKbuJzWPkx1EYy6r8p32Ly4D9vUzrKDbRGf48YHIF2kOkBmu21CLg==
  
  "@aws-sdk/shared-ini-file-loader@3.226.0":
    version "3.226.0"
    resolved "https://registry.yarnpkg.com/@aws-sdk/shared-ini-file-loader/-/shared-ini-file-loader-3.226.0.tgz#d0ade86834b1803ce4b9dcab459e57e0376fd6cf"
    integrity sha512-661VQefsARxVyyV2FX9V61V+nNgImk7aN2hYlFKla6BCwZfMng+dEtD0xVGyg1PfRw0qvEv5LQyxMVgHcUSevA==
    dependencies:
      "@aws-sdk/types" "3.226.0"
      tslib "^2.3.1"
  
  "@aws-sdk/signature-v4-multi-region@3.226.0":
    version "3.226.0"
    resolved "https://registry.yarnpkg.com/@aws-sdk/signature-v4-multi-region/-/signature-v4-multi-region-3.226.0.tgz#7f97056e66dde3ca07c72176994c12daaa517f94"
    integrity sha512-QHxNuf9ynK208v7Y3imdsa3Cz8ynYV7ZOf3sBJdItuEtHN6uy/KxaOrtvpF8I5Hyn48Hc8z5miTSMujFKT7GEw==
    dependencies:
      "@aws-sdk/protocol-http" "3.226.0"
      "@aws-sdk/signature-v4" "3.226.0"
      "@aws-sdk/types" "3.226.0"
      "@aws-sdk/util-arn-parser" "3.208.0"
      tslib "^2.3.1"
  
  "@aws-sdk/signature-v4@3.226.0":
    version "3.226.0"
    resolved "https://registry.yarnpkg.com/@aws-sdk/signature-v4/-/signature-v4-3.226.0.tgz#100390b5c5b55a9b0abd05b06fceb36cfa0ecf98"
    integrity sha512-/R5q5agdPd7HJB68XMzpxrNPk158EHUvkFkuRu5Qf3kkkHebEzWEBlWoVpUe6ss4rP9Tqcue6xPuaftEmhjpYw==
    dependencies:
      "@aws-sdk/is-array-buffer" "3.201.0"
      "@aws-sdk/types" "3.226.0"
      "@aws-sdk/util-hex-encoding" "3.201.0"
      "@aws-sdk/util-middleware" "3.226.0"
      "@aws-sdk/util-uri-escape" "3.201.0"
      tslib "^2.3.1"
  
  "@aws-sdk/smithy-client@3.234.0":
    version "3.234.0"
    resolved "https://registry.yarnpkg.com/@aws-sdk/smithy-client/-/smithy-client-3.234.0.tgz#8f0021e021f0e52730ed0a8f271f839eb63bc374"
    integrity sha512-8AtR/k4vsFvjXeQbIzq/Wy7Nbk48Ou0wUEeVYPHWHPSU8QamFWORkOwmKtKMfHAyZvmqiAPeQqHFkq+UJhWyyQ==
    dependencies:
      "@aws-sdk/middleware-stack" "3.226.0"
      "@aws-sdk/types" "3.226.0"
      tslib "^2.3.1"
  
  "@aws-sdk/token-providers@3.245.0":
    version "3.245.0"
    resolved "https://registry.yarnpkg.com/@aws-sdk/token-providers/-/token-providers-3.245.0.tgz#7c675bd88c3fc2bd32e8d760d04472a51f0202fc"
    integrity sha512-m/spXR/vEXGb+zMqRUMQYVMwFZSTdK5RkddYqamYkNhIoLm60EYeRu57JsMMs5djKi8dBRSKiXwVHx0l2rXMjg==
    dependencies:
      "@aws-sdk/client-sso-oidc" "3.245.0"
      "@aws-sdk/property-provider" "3.226.0"
      "@aws-sdk/shared-ini-file-loader" "3.226.0"
      "@aws-sdk/types" "3.226.0"
      tslib "^2.3.1"
  
  "@aws-sdk/types@3.226.0", "@aws-sdk/types@^3.1.0", "@aws-sdk/types@^3.110.0":
    version "3.226.0"
    resolved "https://registry.yarnpkg.com/@aws-sdk/types/-/types-3.226.0.tgz#3dba2ba223fbb8ac1ebc84de0e036ce69a81d469"
    integrity sha512-MmmNHrWeO4man7wpOwrAhXlevqtOV9ZLcH4RhnG5LmRce0RFOApx24HoKENfFCcOyCm5LQBlsXCqi0dZWDWU0A==
    dependencies:
      tslib "^2.3.1"
  
  "@aws-sdk/url-parser@3.226.0":
    version "3.226.0"
    resolved "https://registry.yarnpkg.com/@aws-sdk/url-parser/-/url-parser-3.226.0.tgz#f53d1f868b27fe74aca091a799f2af56237b15a2"
    integrity sha512-p5RLE0QWyP0OcTOLmFcLdVgUcUEzmEfmdrnOxyNzomcYb0p3vUagA5zfa1HVK2azsQJFBv28GfvMnba9bGhObg==
    dependencies:
      "@aws-sdk/querystring-parser" "3.226.0"
      "@aws-sdk/types" "3.226.0"
      tslib "^2.3.1"
  
  "@aws-sdk/util-arn-parser@3.208.0":
    version "3.208.0"
    resolved "https://registry.yarnpkg.com/@aws-sdk/util-arn-parser/-/util-arn-parser-3.208.0.tgz#56b6ae4699c3140bb27dcede5146876fef04e823"
    integrity sha512-QV4af+kscova9dv4VuHOgH8wEr/IIYHDGcnyVtkUEqahCejWr1Kuk+SBK0xMwnZY5LSycOtQ8aeqHOn9qOjZtA==
    dependencies:
      tslib "^2.3.1"
  
  "@aws-sdk/util-base64@3.208.0":
    version "3.208.0"
    resolved "https://registry.yarnpkg.com/@aws-sdk/util-base64/-/util-base64-3.208.0.tgz#36b430e5396251f761590f7c2f0c5c12193f353c"
    integrity sha512-PQniZph5A6N7uuEOQi+1hnMz/FSOK/8kMFyFO+4DgA1dZ5pcKcn5wiFwHkcTb/BsgVqQa3Jx0VHNnvhlS8JyTg==
    dependencies:
      "@aws-sdk/util-buffer-from" "3.208.0"
      tslib "^2.3.1"
  
  "@aws-sdk/util-body-length-browser@3.188.0":
    version "3.188.0"
    resolved "https://registry.yarnpkg.com/@aws-sdk/util-body-length-browser/-/util-body-length-browser-3.188.0.tgz#e1d949318c10a621b38575a9ef01e39f9857ddb0"
    integrity sha512-8VpnwFWXhnZ/iRSl9mTf+VKOX9wDE8QtN4bj9pBfxwf90H1X7E8T6NkiZD3k+HubYf2J94e7DbeHs7fuCPW5Qg==
    dependencies:
      tslib "^2.3.1"
  
  "@aws-sdk/util-body-length-node@3.208.0":
    version "3.208.0"
    resolved "https://registry.yarnpkg.com/@aws-sdk/util-body-length-node/-/util-body-length-node-3.208.0.tgz#baabd1fa1206ff2bd4ce3785122d86eb3258dd20"
    integrity sha512-3zj50e5g7t/MQf53SsuuSf0hEELzMtD8RX8C76f12OSRo2Bca4FLLYHe0TZbxcfQHom8/hOaeZEyTyMogMglqg==
    dependencies:
      tslib "^2.3.1"
  
  "@aws-sdk/util-buffer-from@3.208.0":
    version "3.208.0"
    resolved "https://registry.yarnpkg.com/@aws-sdk/util-buffer-from/-/util-buffer-from-3.208.0.tgz#285e86f6dc9030148a4147d65239e75cb254a1b0"
    integrity sha512-7L0XUixNEFcLUGPeBF35enCvB9Xl+K6SQsmbrPk1P3mlV9mguWSDQqbOBwY1Ir0OVbD6H/ZOQU7hI/9RtRI0Zw==
    dependencies:
      "@aws-sdk/is-array-buffer" "3.201.0"
      tslib "^2.3.1"
  
  "@aws-sdk/util-config-provider@3.208.0":
    version "3.208.0"
    resolved "https://registry.yarnpkg.com/@aws-sdk/util-config-provider/-/util-config-provider-3.208.0.tgz#c485fd83fbac051337e5f6be60ea3f9fa61c0139"
    integrity sha512-DSRqwrERUsT34ug+anlMBIFooBEGwM8GejC7q00Y/9IPrQy50KnG5PW2NiTjuLKNi7pdEOlwTSEocJE15eDZIg==
    dependencies:
      tslib "^2.3.1"
  
  "@aws-sdk/util-defaults-mode-browser@3.234.0":
    version "3.234.0"
    resolved "https://registry.yarnpkg.com/@aws-sdk/util-defaults-mode-browser/-/util-defaults-mode-browser-3.234.0.tgz#1151f0beabdb46c1aaca42a1ad0714b8e686acaa"
    integrity sha512-IHMKXjTbOD8XMz5+2oCOsVP94BYb9YyjXdns0aAXr2NAo7k2+RCzXQ2DebJXppGda1F6opFutoKwyVSN0cmbMw==
    dependencies:
      "@aws-sdk/property-provider" "3.226.0"
      "@aws-sdk/types" "3.226.0"
      bowser "^2.11.0"
      tslib "^2.3.1"
  
  "@aws-sdk/util-defaults-mode-node@3.234.0":
    version "3.234.0"
    resolved "https://registry.yarnpkg.com/@aws-sdk/util-defaults-mode-node/-/util-defaults-mode-node-3.234.0.tgz#0607f1dc7a4dc896dfcaf377522535ca9ffba7a9"
    integrity sha512-UGjQ+OjBYYhxFVtUY+jtr0ZZgzZh6OHtYwRhFt8IHewJXFCfZTyfsbX20szBj5y1S4HRIUJ7cwBLIytTqMbI5w==
    dependencies:
      "@aws-sdk/config-resolver" "3.234.0"
      "@aws-sdk/credential-provider-imds" "3.226.0"
      "@aws-sdk/node-config-provider" "3.226.0"
      "@aws-sdk/property-provider" "3.226.0"
      "@aws-sdk/types" "3.226.0"
      tslib "^2.3.1"
  
  "@aws-sdk/util-endpoints@3.245.0":
    version "3.245.0"
    resolved "https://registry.yarnpkg.com/@aws-sdk/util-endpoints/-/util-endpoints-3.245.0.tgz#6e161e92b4e2b89bcd98c40909f3f266851c504d"
    integrity sha512-UNOFquB1tKx+8RT8n82Zb5tIwDyZHVPBg/m0LB0RsLETjr6krien5ASpqWezsXKIR1hftN9uaxN4bvf2dZrWHg==
    dependencies:
      "@aws-sdk/types" "3.226.0"
      tslib "^2.3.1"
  
  "@aws-sdk/util-hex-encoding@3.201.0":
    version "3.201.0"
    resolved "https://registry.yarnpkg.com/@aws-sdk/util-hex-encoding/-/util-hex-encoding-3.201.0.tgz#21d7ec319240ee68c33d938e71cb79830bea315d"
    integrity sha512-7t1vR1pVxKx0motd3X9rI3m/xNp78p3sHtP5yo4NP4ARpxyJ0fokBomY8ScaH2D/B+U5o9ARxldJUdMqyBlJcA==
    dependencies:
      tslib "^2.3.1"
  
  "@aws-sdk/util-locate-window@^3.0.0":
    version "3.208.0"
    resolved "https://registry.yarnpkg.com/@aws-sdk/util-locate-window/-/util-locate-window-3.208.0.tgz#0f598fc238a1256e4bcb64d01459f03a922dd4c3"
    integrity sha512-iua1A2+P7JJEDHVgvXrRJSvsnzG7stYSGQnBVphIUlemwl6nN5D+QrgbjECtrbxRz8asYFHSzhdhECqN+tFiBg==
    dependencies:
      tslib "^2.3.1"
  
  "@aws-sdk/util-middleware@3.226.0":
    version "3.226.0"
    resolved "https://registry.yarnpkg.com/@aws-sdk/util-middleware/-/util-middleware-3.226.0.tgz#7069ae96e2e00f6bb82c722e073922fb2b051ca2"
    integrity sha512-B96CQnwX4gRvQdaQkdUtqvDPkrptV5+va6FVeJOocU/DbSYMAScLxtR3peMS8cnlOT6nL1Eoa42OI9AfZz1VwQ==
    dependencies:
      tslib "^2.3.1"
  
  "@aws-sdk/util-retry@3.229.0":
    version "3.229.0"
    resolved "https://registry.yarnpkg.com/@aws-sdk/util-retry/-/util-retry-3.229.0.tgz#17aad47b067e81acf644d5c2c0f2325f2d8faf4f"
    integrity sha512-0zKTqi0P1inD0LzIMuXRIYYQ/8c1lWMg/cfiqUcIAF1TpatlpZuN7umU0ierpBFud7S+zDgg0oemh+Nj8xliJw==
    dependencies:
      "@aws-sdk/service-error-classification" "3.229.0"
      tslib "^2.3.1"
  
  "@aws-sdk/util-stream-browser@3.226.0":
    version "3.226.0"
    resolved "https://registry.yarnpkg.com/@aws-sdk/util-stream-browser/-/util-stream-browser-3.226.0.tgz#a14ea5c118d448f01ed6103203404f466960e5fe"
    integrity sha512-ZvjlA1ySaLd0DqUWTKmL7LsxfPhroAONpzsinaHmw9aZVL40s2cADU9eWgBdHTuAOeFklL7NP0cc6UiTFHKe8g==
    dependencies:
      "@aws-sdk/fetch-http-handler" "3.226.0"
      "@aws-sdk/types" "3.226.0"
      "@aws-sdk/util-base64" "3.208.0"
      "@aws-sdk/util-hex-encoding" "3.201.0"
      "@aws-sdk/util-utf8-browser" "3.188.0"
      tslib "^2.3.1"
  
  "@aws-sdk/util-stream-node@3.226.0":
    version "3.226.0"
    resolved "https://registry.yarnpkg.com/@aws-sdk/util-stream-node/-/util-stream-node-3.226.0.tgz#7c568a947f47fea1f3b268b895b6e73235e29703"
    integrity sha512-HADXiIgDGoXcCLSKuPnjCLENf0iC0lzqqnymZu9H2FoACZhJB7DvJ9LnP51Pvw9lfCu+yvLzbMqSPdbXtMbRWg==
    dependencies:
      "@aws-sdk/node-http-handler" "3.226.0"
      "@aws-sdk/types" "3.226.0"
      "@aws-sdk/util-buffer-from" "3.208.0"
      tslib "^2.3.1"
  
  "@aws-sdk/util-uri-escape@3.201.0":
    version "3.201.0"
    resolved "https://registry.yarnpkg.com/@aws-sdk/util-uri-escape/-/util-uri-escape-3.201.0.tgz#5e708d4cde001a4558ee616f889ceacfadd2ab03"
    integrity sha512-TeTWbGx4LU2c5rx0obHeDFeO9HvwYwQtMh1yniBz00pQb6Qt6YVOETVQikRZ+XRQwEyCg/dA375UplIpiy54mA==
    dependencies:
      tslib "^2.3.1"
  
  "@aws-sdk/util-user-agent-browser@3.226.0":
    version "3.226.0"
    resolved "https://registry.yarnpkg.com/@aws-sdk/util-user-agent-browser/-/util-user-agent-browser-3.226.0.tgz#164bb2da8d6353133784e47f0a0ae463bc9ebb73"
    integrity sha512-PhBIu2h6sPJPcv2I7ELfFizdl5pNiL4LfxrasMCYXQkJvVnoXztHA1x+CQbXIdtZOIlpjC+6BjDcE0uhnpvfcA==
    dependencies:
      "@aws-sdk/types" "3.226.0"
      bowser "^2.11.0"
      tslib "^2.3.1"
  
  "@aws-sdk/util-user-agent-node@3.226.0":
    version "3.226.0"
    resolved "https://registry.yarnpkg.com/@aws-sdk/util-user-agent-node/-/util-user-agent-node-3.226.0.tgz#7569460b9efc6bbd5295275c51357e480ff469c2"
    integrity sha512-othPc5Dz/pkYkxH+nZPhc1Al0HndQT8zHD4e9h+EZ+8lkd8n+IsnLfTS/mSJWrfiC6UlNRVw55cItstmJyMe/A==
    dependencies:
      "@aws-sdk/node-config-provider" "3.226.0"
      "@aws-sdk/types" "3.226.0"
      tslib "^2.3.1"
  
  "@aws-sdk/util-utf8-browser@3.188.0", "@aws-sdk/util-utf8-browser@^3.0.0":
    version "3.188.0"
    resolved "https://registry.yarnpkg.com/@aws-sdk/util-utf8-browser/-/util-utf8-browser-3.188.0.tgz#484762bd600401350e148277731d6744a4a92225"
    integrity sha512-jt627x0+jE+Ydr9NwkFstg3cUvgWh56qdaqAMDsqgRlKD21md/6G226z/Qxl7lb1VEW2LlmCx43ai/37Qwcj2Q==
    dependencies:
      tslib "^2.3.1"
  
  "@aws-sdk/util-utf8-node@3.208.0":
    version "3.208.0"
    resolved "https://registry.yarnpkg.com/@aws-sdk/util-utf8-node/-/util-utf8-node-3.208.0.tgz#eba17de0f92f87b98481c2e2d0ceaa05c7994d67"
    integrity sha512-jKY87Acv0yWBdFxx6bveagy5FYjz+dtV8IPT7ay1E2WPWH1czoIdMAkc8tSInK31T6CRnHWkLZ1qYwCbgRfERQ==
    dependencies:
      "@aws-sdk/util-buffer-from" "3.208.0"
      tslib "^2.3.1"
  
  "@aws-sdk/util-waiter@3.226.0":
    version "3.226.0"
    resolved "https://registry.yarnpkg.com/@aws-sdk/util-waiter/-/util-waiter-3.226.0.tgz#6715afd59748cbc610ddfbc5e21124b20a7e85ac"
    integrity sha512-qYQMRxnu5k8qQihJXoIWMkBOj0+XkHHj/drLdbRnwL6ni6NcG8++cs9M3DSjIcxmxgF/7SLpDjn1H3sC7cYo4g==
    dependencies:
      "@aws-sdk/abort-controller" "3.226.0"
      "@aws-sdk/types" "3.226.0"
      tslib "^2.3.1"
  
  "@aws-sdk/xml-builder@3.201.0":
    version "3.201.0"
    resolved "https://registry.yarnpkg.com/@aws-sdk/xml-builder/-/xml-builder-3.201.0.tgz#acf0869855460528114bec17f290b224fe19a3e2"
    integrity sha512-brRdB1wwMgjWEnOQsv7zSUhIQuh7DEicrfslAqHop4S4FtSI3GQAShpQqgOpMTNFYcpaWKmE/Y1MJmNY7xLCnw==
    dependencies:
      tslib "^2.3.1"
  
  "@cspotcode/source-map-support@^0.8.0":
    version "0.8.1"
    resolved "https://registry.yarnpkg.com/@cspotcode/source-map-support/-/source-map-support-0.8.1.tgz#00629c35a688e05a88b1cda684fb9d5e73f000a1"
    integrity sha512-IchNf6dN4tHoMFIn/7OE8LWZ19Y6q/67Bmf6vnGREv8RSbBVb9LPJxEcnwrcwX6ixSvaiGoomAUvu4YSxXrVgw==
    dependencies:
      "@jridgewell/trace-mapping" "0.3.9"
  
  "@jridgewell/resolve-uri@^3.0.3":
    version "3.1.0"
    resolved "https://registry.yarnpkg.com/@jridgewell/resolve-uri/-/resolve-uri-3.1.0.tgz#2203b118c157721addfe69d47b70465463066d78"
    integrity sha512-F2msla3tad+Mfht5cJq7LSXcdudKTWCVYUgw6pLFOOHSTtZlj6SWNYAp+AhuqLmWdBO2X5hPrLcu8cVP8fy28w==
  
  "@jridgewell/sourcemap-codec@^1.4.10":
    version "1.4.14"
    resolved "https://registry.yarnpkg.com/@jridgewell/sourcemap-codec/-/sourcemap-codec-1.4.14.tgz#add4c98d341472a289190b424efbdb096991bb24"
    integrity sha512-XPSJHWmi394fuUuzDnGz1wiKqWfo1yXecHQMRf2l6hztTO+nPru658AyDngaBe7isIxEkRsPR3FZh+s7iVa4Uw==
  
  "@jridgewell/trace-mapping@0.3.9":
    version "0.3.9"
    resolved "https://registry.yarnpkg.com/@jridgewell/trace-mapping/-/trace-mapping-0.3.9.tgz#6534fd5933a53ba7cbf3a17615e273a0d1273ff9"
    integrity sha512-3Belt6tdc8bPgAtbcmdtNJlirVoTmEb5e2gC94PnkwEW9jI6CAHUeoG85tjWP5WquqfavoMtMwiG4P926ZKKuQ==
    dependencies:
      "@jridgewell/resolve-uri" "^3.0.3"
      "@jridgewell/sourcemap-codec" "^1.4.10"
  
  "@tsconfig/node10@^1.0.7":
    version "1.0.9"
    resolved "https://registry.yarnpkg.com/@tsconfig/node10/-/node10-1.0.9.tgz#df4907fc07a886922637b15e02d4cebc4c0021b2"
    integrity sha512-jNsYVVxU8v5g43Erja32laIDHXeoNvFEpX33OK4d6hljo3jDhCBDhx5dhCCTMWUojscpAagGiRkBKxpdl9fxqA==
  
  "@tsconfig/node12@^1.0.7":
    version "1.0.11"
    resolved "https://registry.yarnpkg.com/@tsconfig/node12/-/node12-1.0.11.tgz#ee3def1f27d9ed66dac6e46a295cffb0152e058d"
    integrity sha512-cqefuRsh12pWyGsIoBKJA9luFu3mRxCA+ORZvA4ktLSzIuCUtWVxGIuXigEwO5/ywWFMZ2QEGKWvkZG1zDMTag==
  
  "@tsconfig/node14@^1.0.0":
    version "1.0.3"
    resolved "https://registry.yarnpkg.com/@tsconfig/node14/-/node14-1.0.3.tgz#e4386316284f00b98435bf40f72f75a09dabf6c1"
    integrity sha512-ysT8mhdixWK6Hw3i1V2AeRqZ5WfXg1G43mqoYlM2nc6388Fq5jcXyr5mRsqViLx/GJYdoL0bfXD8nmF+Zn/Iow==
  
  "@tsconfig/node16@^1.0.2":
    version "1.0.3"
    resolved "https://registry.yarnpkg.com/@tsconfig/node16/-/node16-1.0.3.tgz#472eaab5f15c1ffdd7f8628bd4c4f753995ec79e"
    integrity sha512-yOlFc+7UtL/89t2ZhjPvvB/DeAr3r+Dq58IgzsFkOAvVC6NMJXmCGjbptdXdR9qsX7pKcTL+s87FtYREi2dEEQ==
  
  "@types/node@^18.11.18":
    version "18.11.18"
    resolved "https://registry.yarnpkg.com/@types/node/-/node-18.11.18.tgz#8dfb97f0da23c2293e554c5a50d61ef134d7697f"
    integrity sha512-DHQpWGjyQKSHj3ebjFI/wRKcqQcdR+MoFBygntYOZytCqNfkd2ZC4ARDJ2DQqhjH5p85Nnd3jhUJIXrszFX/JA==
  
  "@types/strip-bom@^3.0.0":
    version "3.0.0"
    resolved "https://registry.yarnpkg.com/@types/strip-bom/-/strip-bom-3.0.0.tgz#14a8ec3956c2e81edb7520790aecf21c290aebd2"
    integrity sha512-xevGOReSYGM7g/kUBZzPqCrR/KYAo+F0yiPc85WFTJa0MSLtyFTVTU6cJu/aV4mid7IffDIWqo69THF2o4JiEQ==
  
  "@types/strip-json-comments@0.0.30":
    version "0.0.30"
    resolved "https://registry.yarnpkg.com/@types/strip-json-comments/-/strip-json-comments-0.0.30.tgz#9aa30c04db212a9a0649d6ae6fd50accc40748a1"
    integrity sha512-7NQmHra/JILCd1QqpSzl8+mJRc8ZHz3uDm8YV1Ks9IhK0epEiTw8aIErbvH9PI+6XbqhyIQy3462nEsn7UVzjQ==
  
  acorn-walk@^8.1.1:
    version "8.2.0"
    resolved "https://registry.yarnpkg.com/acorn-walk/-/acorn-walk-8.2.0.tgz#741210f2e2426454508853a2f44d0ab83b7f69c1"
    integrity sha512-k+iyHEuPgSw6SbuDpGQM+06HQUa04DZ3o+F6CSzXMvvI5KMvnaEqXe+YVe555R9nn6GPt404fos4wcgpw12SDA==
  
  acorn@^8.4.1:
    version "8.8.1"
    resolved "https://registry.yarnpkg.com/acorn/-/acorn-8.8.1.tgz#0a3f9cbecc4ec3bea6f0a80b66ae8dd2da250b73"
    integrity sha512-7zFpHzhnqYKrkYdUjF1HI1bzd0VygEGX8lFk4k5zVMqHEoES+P+7TKI+EvLO9WVMJ8eekdO0aDEK044xTXwPPA==
  
  anymatch@~3.1.2:
    version "3.1.3"
    resolved "https://registry.yarnpkg.com/anymatch/-/anymatch-3.1.3.tgz#790c58b19ba1720a84205b57c618d5ad8524973e"
    integrity sha512-KMReFUr0B4t+D+OBkjR3KYqvocp2XaSzO55UcB6mgQMd3KbcE+mWTyvVV7D/zsdEbNnV6acZUutkiHQXvTr1Rw==
    dependencies:
      normalize-path "^3.0.0"
      picomatch "^2.0.4"
  
  arg@^4.1.0:
    version "4.1.3"
    resolved "https://registry.yarnpkg.com/arg/-/arg-4.1.3.tgz#269fc7ad5b8e42cb63c896d5666017261c144089"
    integrity sha512-58S9QDqG0Xx27YwPSt9fJxivjYl432YCwfDMfZ+71RAqUrZef7LrKQZ3LHLOwCS4FLNBplP533Zx895SeOCHvA==
  
  argparse@^1.0.7:
    version "1.0.10"
    resolved "https://registry.yarnpkg.com/argparse/-/argparse-1.0.10.tgz#bcd6791ea5ae09725e17e5ad988134cd40b3d911"
    integrity sha512-o5Roy6tNG4SL/FOkCAN6RzjiakZS25RLYFrcMttJqbdd8BWrnA+fGz57iN5Pb06pvBGvl5gQ0B48dJlslXvoTg==
    dependencies:
      sprintf-js "~1.0.2"
  
  argparse@^2.0.1:
    version "2.0.1"
    resolved "https://registry.yarnpkg.com/argparse/-/argparse-2.0.1.tgz#246f50f3ca78a3240f6c997e8a9bd1eac49e4b38"
    integrity sha512-8+9WqebbFzpX9OR+Wa6O29asIogeRMzcGtAINdpMHHyAg10f05aSFVBbcEqGf/PXw1EjAZ+q2/bEBg3DvurK3Q==
  
  available-typed-arrays@^1.0.5:
    version "1.0.5"
    resolved "https://registry.yarnpkg.com/available-typed-arrays/-/available-typed-arrays-1.0.5.tgz#92f95616501069d07d10edb2fc37d3e1c65123b7"
    integrity sha512-DMD0KiN46eipeziST1LPP/STfDU0sufISXmjSgvVsoU2tqxctQeASejWcfNtxYKqETM1UxQ8sp2OrSBWpHY6sw==
  
  aws-sdk@^2.1288.0:
    version "2.1292.0"
    resolved "https://registry.yarnpkg.com/aws-sdk/-/aws-sdk-2.1292.0.tgz#bff92d794b8bbb71628c2f7b9d799c34ef2f27b4"
    integrity sha512-GqN75aYmaZrirMCJI5CwvYW/bQRyBs59t/tDYBuwb9RMppL8vv9cEwGu3H74yxeoz89LyrbQtoOB8ZgHxNDNmA==
    dependencies:
      buffer "4.9.2"
      events "1.1.1"
      ieee754 "1.1.13"
      jmespath "0.16.0"
      querystring "0.2.0"
      sax "1.2.1"
      url "0.10.3"
      util "^0.12.4"
      uuid "8.0.0"
      xml2js "0.4.19"
  
  balanced-match@^1.0.0:
    version "1.0.2"
    resolved "https://registry.yarnpkg.com/balanced-match/-/balanced-match-1.0.2.tgz#e83e3a7e3f300b34cb9d87f615fa0cbf357690ee"
    integrity sha512-3oSeUO0TMV67hN1AmbXsK4yaqU7tjiHlbxRDZOpH0KW9+CeX4bRAaX0Anxt0tx2MrpRpWwQaPwIlISEJhYU5Pw==
  
  base64-js@^1.0.2:
    version "1.5.1"
    resolved "https://registry.yarnpkg.com/base64-js/-/base64-js-1.5.1.tgz#1b1b440160a5bf7ad40b650f095963481903930a"
    integrity sha512-AKpaYlHn8t4SVbOHCy+b5+KKgvR4vrsD8vbvrbiQJps7fKDTkjkDry6ji0rUJjC0kzbNePLwzxq8iypo41qeWA==
  
  binary-extensions@^2.0.0:
    version "2.2.0"
    resolved "https://registry.yarnpkg.com/binary-extensions/-/binary-extensions-2.2.0.tgz#75f502eeaf9ffde42fc98829645be4ea76bd9e2d"
    integrity sha512-jDctJ/IVQbZoJykoeHbhXpOlNBqGNcwXJKJog42E5HDPUwQTSdjCHdihjj0DlnheQ7blbT6dHOafNAiS8ooQKA==
  
  bowser@^2.11.0:
    version "2.11.0"
    resolved "https://registry.yarnpkg.com/bowser/-/bowser-2.11.0.tgz#5ca3c35757a7aa5771500c70a73a9f91ef420a8f"
    integrity sha512-AlcaJBi/pqqJBIQ8U9Mcpc9i8Aqxn88Skv5d+xBX006BY5u8N3mGLHa5Lgppa7L/HfwgwLgZ6NYs+Ag6uUmJRA==
  
  brace-expansion@^1.1.7:
    version "1.1.11"
    resolved "https://registry.yarnpkg.com/brace-expansion/-/brace-expansion-1.1.11.tgz#3c7fcbf529d87226f3d2f52b966ff5271eb441dd"
    integrity sha512-iCuPHDFgrHX7H2vEI/5xpz07zSHB00TpugqhmYtVmMO6518mCuRMoOYFldEBl0g187ufozdaHgWKcYFb61qGiA==
    dependencies:
      balanced-match "^1.0.0"
      concat-map "0.0.1"
  
  braces@~3.0.2:
    version "3.0.2"
    resolved "https://registry.yarnpkg.com/braces/-/braces-3.0.2.tgz#3454e1a462ee8d599e236df336cd9ea4f8afe107"
    integrity sha512-b8um+L1RzM3WDSzvhm6gIz1yfTbBt6YTlcEKAvsmqCZZFw46z626lVj9j1yEPW33H5H+lBQpZMP1k8l+78Ha0A==
    dependencies:
      fill-range "^7.0.1"
  
  buffer-from@^1.0.0:
    version "1.1.2"
    resolved "https://registry.yarnpkg.com/buffer-from/-/buffer-from-1.1.2.tgz#2b146a6fd72e80b4f55d255f35ed59a3a9a41bd5"
    integrity sha512-E+XQCRwSbaaiChtv6k6Dwgc+bx+Bs6vuKJHHl5kox/BaKbhiXzqQOwK4cO22yElGp2OCmjwVhT3HmxgyPGnJfQ==
  
  buffer@4.9.2:
    version "4.9.2"
    resolved "https://registry.yarnpkg.com/buffer/-/buffer-4.9.2.tgz#230ead344002988644841ab0244af8c44bbe3ef8"
    integrity sha512-xq+q3SRMOxGivLhBNaUdC64hDTQwejJ+H0T/NB1XMtTVEwNTrfFF3gAxiyW0Bu/xWEGhjVKgUcMhCrUy2+uCWg==
    dependencies:
      base64-js "^1.0.2"
      ieee754 "^1.1.4"
      isarray "^1.0.0"
  
  call-bind@^1.0.2:
    version "1.0.2"
    resolved "https://registry.yarnpkg.com/call-bind/-/call-bind-1.0.2.tgz#b1d4e89e688119c3c9a903ad30abb2f6a919be3c"
    integrity sha512-7O+FbCihrB5WGbFYesctwmTKae6rOiIzmz1icreWJ+0aA7LJfuqhEso2T9ncpcFtzMQtzXf2QGGueWJGTYsqrA==
    dependencies:
      function-bind "^1.1.1"
      get-intrinsic "^1.0.2"
  
  chokidar@^3.5.1:
    version "3.5.3"
    resolved "https://registry.yarnpkg.com/chokidar/-/chokidar-3.5.3.tgz#1cf37c8707b932bd1af1ae22c0432e2acd1903bd"
    integrity sha512-Dr3sfKRP6oTcjf2JmUmFJfeVMvXBdegxB0iVQ5eb2V10uFJUCAS8OByZdVAyVb8xXNz3GjjTgj9kLWsZTqE6kw==
    dependencies:
      anymatch "~3.1.2"
      braces "~3.0.2"
      glob-parent "~5.1.2"
      is-binary-path "~2.1.0"
      is-glob "~4.0.1"
      normalize-path "~3.0.0"
      readdirp "~3.6.0"
    optionalDependencies:
      fsevents "~2.3.2"
  
  concat-map@0.0.1:
    version "0.0.1"
    resolved "https://registry.yarnpkg.com/concat-map/-/concat-map-0.0.1.tgz#d8a96bd77fd68df7793a73036a3ba0d5405d477b"
    integrity sha512-/Srv4dswyQNBfohGpz9o6Yb3Gz3SrUDqBH5rTuhGR7ahtlbYKnVxw2bCFMRljaA7EXHaXZ8wsHdodFvbkhKmqg==
  
  create-require@^1.1.0:
    version "1.1.1"
    resolved "https://registry.yarnpkg.com/create-require/-/create-require-1.1.1.tgz#c1d7e8f1e5f6cfc9ff65f9cd352d37348756c333"
    integrity sha512-dcKFX3jn0MpIaXjisoRvexIJVEKzaq7z2rZKxf+MSr9TkdmHmsU4m2lcLojrj/FHl8mk5VxMmYA+ftRkP/3oKQ==
  
  diff@^4.0.1:
    version "4.0.2"
    resolved "https://registry.yarnpkg.com/diff/-/diff-4.0.2.tgz#60f3aecb89d5fae520c11aa19efc2bb982aade7d"
    integrity sha512-58lmxKSA4BNyLz+HHMUzlOEpg09FV+ev6ZMe3vJihgdxzgcwZ8VoEEPmALCZG9LmqfVoNMMKpttIYTVG6uDY7A==
  
  dotenv@^16.0.3:
    version "16.0.3"
    resolved "https://registry.yarnpkg.com/dotenv/-/dotenv-16.0.3.tgz#115aec42bac5053db3c456db30cc243a5a836a07"
    integrity sha512-7GO6HghkA5fYG9TYnNxi14/7K9f5occMlp3zXAuSxn7CKCxt9xbNWG7yF8hTCSUchlfWSe3uLmlPfigevRItzQ==
  
  dynamic-dedupe@^0.3.0:
    version "0.3.0"
    resolved "https://registry.yarnpkg.com/dynamic-dedupe/-/dynamic-dedupe-0.3.0.tgz#06e44c223f5e4e94d78ef9db23a6515ce2f962a1"
    integrity sha512-ssuANeD+z97meYOqd50e04Ze5qp4bPqo8cCkI4TRjZkzAUgIDTrXV1R8QCdINpiI+hw14+rYazvTRdQrz0/rFQ==
    dependencies:
      xtend "^4.0.0"
  
  esprima@^4.0.0:
    version "4.0.1"
    resolved "https://registry.yarnpkg.com/esprima/-/esprima-4.0.1.tgz#13b04cdb3e6c5d19df91ab6987a8695619b0aa71"
    integrity sha512-eGuFFw7Upda+g4p+QHvnW0RyTX/SVeJBDM/gCtMARO0cLuT2HcEKnTPvhjV6aGeqrCB/sbNop0Kszm0jsaWU4A==
  
  events@1.1.1:
    version "1.1.1"
    resolved "https://registry.yarnpkg.com/events/-/events-1.1.1.tgz#9ebdb7635ad099c70dcc4c2a1f5004288e8bd924"
    integrity sha512-kEcvvCBByWXGnZy6JUlgAp2gBIUjfCAV6P6TgT1/aaQKcmuAEC4OZTV1I4EWQLz2gxZw76atuVyvHhTxvi0Flw==
  
  fast-xml-parser@4.0.11:
    version "4.0.11"
    resolved "https://registry.yarnpkg.com/fast-xml-parser/-/fast-xml-parser-4.0.11.tgz#42332a9aca544520631c8919e6ea871c0185a985"
    integrity sha512-4aUg3aNRR/WjQAcpceODG1C3x3lFANXRo8+1biqfieHmg9pyMt7qB4lQV/Ta6sJCTbA5vfD8fnA8S54JATiFUA==
    dependencies:
      strnum "^1.0.5"
  
  fill-range@^7.0.1:
    version "7.0.1"
    resolved "https://registry.yarnpkg.com/fill-range/-/fill-range-7.0.1.tgz#1919a6a7c75fe38b2c7c77e5198535da9acdda40"
    integrity sha512-qOo9F+dMUmC2Lcb4BbVvnKJxTPjCm+RRpe4gDuGrzkL7mEVl/djYSu2OdQ2Pa302N4oqkSg9ir6jaLWJ2USVpQ==
    dependencies:
      to-regex-range "^5.0.1"
  
  for-each@^0.3.3:
    version "0.3.3"
    resolved "https://registry.yarnpkg.com/for-each/-/for-each-0.3.3.tgz#69b447e88a0a5d32c3e7084f3f1710034b21376e"
    integrity sha512-jqYfLp7mo9vIyQf8ykW2v7A+2N4QjeCeI5+Dz9XraiO1ign81wjiH7Fb9vSOWvQfNtmSa4H2RoQTrrXivdUZmw==
    dependencies:
      is-callable "^1.1.3"
  
  fs.realpath@^1.0.0:
    version "1.0.0"
    resolved "https://registry.yarnpkg.com/fs.realpath/-/fs.realpath-1.0.0.tgz#1504ad2523158caa40db4a2787cb01411994ea4f"
    integrity sha512-OO0pH2lK6a0hZnAdau5ItzHPI6pUlvI7jMVnxUQRtw4owF2wk8lOSabtGDCTP4Ggrg2MbGnWO9X8K1t4+fGMDw==
  
  fsevents@~2.3.2:
    version "2.3.2"
    resolved "https://registry.yarnpkg.com/fsevents/-/fsevents-2.3.2.tgz#8a526f78b8fdf4623b709e0b975c52c24c02fd1a"
    integrity sha512-xiqMQR4xAeHTuB9uWm+fFRcIOgKBMiOBP+eXiyT7jsgVCq1bkVygt00oASowB7EdtpOHaaPgKt812P9ab+DDKA==
  
  function-bind@^1.1.1:
    version "1.1.1"
    resolved "https://registry.yarnpkg.com/function-bind/-/function-bind-1.1.1.tgz#a56899d3ea3c9bab874bb9773b7c5ede92f4895d"
    integrity sha512-yIovAzMX49sF8Yl58fSCWJ5svSLuaibPxXQJFLmBObTuCr0Mf1KiPopGM9NiFjiYBCbfaa2Fh6breQ6ANVTI0A==
  
  get-intrinsic@^1.0.2, get-intrinsic@^1.1.3:
    version "1.1.3"
    resolved "https://registry.yarnpkg.com/get-intrinsic/-/get-intrinsic-1.1.3.tgz#063c84329ad93e83893c7f4f243ef63ffa351385"
    integrity sha512-QJVz1Tj7MS099PevUG5jvnt9tSkXN8K14dxQlikJuPt4uD9hHAHjLyLBiLR5zELelBdD9QNRAXZzsJx0WaDL9A==
    dependencies:
      function-bind "^1.1.1"
      has "^1.0.3"
      has-symbols "^1.0.3"
  
  glob-parent@~5.1.2:
    version "5.1.2"
    resolved "https://registry.yarnpkg.com/glob-parent/-/glob-parent-5.1.2.tgz#869832c58034fe68a4093c17dc15e8340d8401c4"
    integrity sha512-AOIgSQCepiJYwP3ARnGx+5VnTu2HBYdzbGP45eLw1vr3zB3vZLeyed1sC9hnbcOc9/SrMyM5RPQrkGz4aS9Zow==
    dependencies:
      is-glob "^4.0.1"
  
  glob@^7.1.3:
    version "7.2.3"
    resolved "https://registry.yarnpkg.com/glob/-/glob-7.2.3.tgz#b8df0fb802bbfa8e89bd1d938b4e16578ed44f2b"
    integrity sha512-nFR0zLpU2YCaRxwoCJvL6UvCH2JFyFVIvwTLsIf21AuHlMskA1hhTdk+LlYJtOlYt9v6dvszD2BGRqBL+iQK9Q==
    dependencies:
      fs.realpath "^1.0.0"
      inflight "^1.0.4"
      inherits "2"
      minimatch "^3.1.1"
      once "^1.3.0"
      path-is-absolute "^1.0.0"
  
  gopd@^1.0.1:
    version "1.0.1"
    resolved "https://registry.yarnpkg.com/gopd/-/gopd-1.0.1.tgz#29ff76de69dac7489b7c0918a5788e56477c332c"
    integrity sha512-d65bNlIadxvpb/A2abVdlqKqV563juRnZ1Wtk6s1sIR8uNsXR70xqIzVqxVf1eTqDunwT2MkczEeaezCKTZhwA==
    dependencies:
      get-intrinsic "^1.1.3"
  
  has-symbols@^1.0.2, has-symbols@^1.0.3:
    version "1.0.3"
    resolved "https://registry.yarnpkg.com/has-symbols/-/has-symbols-1.0.3.tgz#bb7b2c4349251dce87b125f7bdf874aa7c8b39f8"
    integrity sha512-l3LCuF6MgDNwTDKkdYGEihYjt5pRPbEg46rtlmnSPlUbgmB8LOIrKJbYYFBSbnPaJexMKtiPO8hmeRjRz2Td+A==
  
  has-tostringtag@^1.0.0:
    version "1.0.0"
    resolved "https://registry.yarnpkg.com/has-tostringtag/-/has-tostringtag-1.0.0.tgz#7e133818a7d394734f941e73c3d3f9291e658b25"
    integrity sha512-kFjcSNhnlGV1kyoGk7OXKSawH5JOb/LzUc5w9B02hOTO0dfFRjbHQKvg1d6cf3HbeUmtU9VbbV3qzZ2Teh97WQ==
    dependencies:
      has-symbols "^1.0.2"
  
  has@^1.0.3:
    version "1.0.3"
    resolved "https://registry.yarnpkg.com/has/-/has-1.0.3.tgz#722d7cbfc1f6aa8241f16dd814e011e1f41e8796"
    integrity sha512-f2dvO0VU6Oej7RkWJGrehjbzMAjFp5/VKPp5tTpWIV4JHHZK1/BxbFRtf/siA2SWTe09caDmVtYYzWEIbBS4zw==
    dependencies:
      function-bind "^1.1.1"
  
  ieee754@1.1.13:
    version "1.1.13"
    resolved "https://registry.yarnpkg.com/ieee754/-/ieee754-1.1.13.tgz#ec168558e95aa181fd87d37f55c32bbcb6708b84"
    integrity sha512-4vf7I2LYV/HaWerSo3XmlMkp5eZ83i+/CDluXi/IGTs/O1sejBNhTtnxzmRZfvOUqj7lZjqHkeTvpgSFDlWZTg==
  
  ieee754@^1.1.4:
    version "1.2.1"
    resolved "https://registry.yarnpkg.com/ieee754/-/ieee754-1.2.1.tgz#8eb7a10a63fff25d15a57b001586d177d1b0d352"
    integrity sha512-dcyqhDvX1C46lXZcVqCpK+FtMRQVdIMN6/Df5js2zouUsqG7I6sFxitIC+7KYK29KdXOLHdu9zL4sFnoVQnqaA==
  
  inflight@^1.0.4:
    version "1.0.6"
    resolved "https://registry.yarnpkg.com/inflight/-/inflight-1.0.6.tgz#49bd6331d7d02d0c09bc910a1075ba8165b56df9"
    integrity sha512-k92I/b08q4wvFscXCLvqfsHCrjrF7yiXsQuIVvVE7N82W3+aqpzuUdBbfhWcy/FZR3/4IgflMgKLOsvPDrGCJA==
    dependencies:
      once "^1.3.0"
      wrappy "1"
  
  inherits@2, inherits@^2.0.3:
    version "2.0.4"
    resolved "https://registry.yarnpkg.com/inherits/-/inherits-2.0.4.tgz#0fa2c64f932917c3433a0ded55363aae37416b7c"
    integrity sha512-k/vGaX4/Yla3WzyMCvTQOXYeIHvqOKtnqBduzTHpzpQZzAskKMhZ2K+EnBiSM9zGSoIFeMpXKxa4dYeZIQqewQ==
  
  is-arguments@^1.0.4:
    version "1.1.1"
    resolved "https://registry.yarnpkg.com/is-arguments/-/is-arguments-1.1.1.tgz#15b3f88fda01f2a97fec84ca761a560f123efa9b"
    integrity sha512-8Q7EARjzEnKpt/PCD7e1cgUS0a6X8u5tdSiMqXhojOdoV9TsMsiO+9VLC5vAmO8N7/GmXn7yjR8qnA6bVAEzfA==
    dependencies:
      call-bind "^1.0.2"
      has-tostringtag "^1.0.0"
  
  is-binary-path@~2.1.0:
    version "2.1.0"
    resolved "https://registry.yarnpkg.com/is-binary-path/-/is-binary-path-2.1.0.tgz#ea1f7f3b80f064236e83470f86c09c254fb45b09"
    integrity sha512-ZMERYes6pDydyuGidse7OsHxtbI7WVeUEozgR/g7rd0xUimYNlvZRE/K2MgZTjWy725IfelLeVcEM97mmtRGXw==
    dependencies:
      binary-extensions "^2.0.0"
  
  is-callable@^1.1.3:
    version "1.2.7"
    resolved "https://registry.yarnpkg.com/is-callable/-/is-callable-1.2.7.tgz#3bc2a85ea742d9e36205dcacdd72ca1fdc51b055"
    integrity sha512-1BC0BVFhS/p0qtw6enp8e+8OD0UrK0oFLztSjNzhcKA3WDuJxxAPXzPuPtKkjEY9UUoEWlX/8fgKeu2S8i9JTA==
  
  is-core-module@^2.9.0:
    version "2.11.0"
    resolved "https://registry.yarnpkg.com/is-core-module/-/is-core-module-2.11.0.tgz#ad4cb3e3863e814523c96f3f58d26cc570ff0144"
    integrity sha512-RRjxlvLDkD1YJwDbroBHMb+cukurkDWNyHx7D3oNB5x9rb5ogcksMC5wHCadcXoo67gVr/+3GFySh3134zi6rw==
    dependencies:
      has "^1.0.3"
  
  is-extglob@^2.1.1:
    version "2.1.1"
    resolved "https://registry.yarnpkg.com/is-extglob/-/is-extglob-2.1.1.tgz#a88c02535791f02ed37c76a1b9ea9773c833f8c2"
    integrity sha512-SbKbANkN603Vi4jEZv49LeVJMn4yGwsbzZworEoyEiutsN3nJYdbO36zfhGJ6QEDpOZIFkDtnq5JRxmvl3jsoQ==
  
  is-generator-function@^1.0.7:
    version "1.0.10"
    resolved "https://registry.yarnpkg.com/is-generator-function/-/is-generator-function-1.0.10.tgz#f1558baf1ac17e0deea7c0415c438351ff2b3c72"
    integrity sha512-jsEjy9l3yiXEQ+PsXdmBwEPcOxaXWLspKdplFUVI9vq1iZgIekeC0L167qeu86czQaxed3q/Uzuw0swL0irL8A==
    dependencies:
      has-tostringtag "^1.0.0"
  
  is-glob@^4.0.1, is-glob@~4.0.1:
    version "4.0.3"
    resolved "https://registry.yarnpkg.com/is-glob/-/is-glob-4.0.3.tgz#64f61e42cbbb2eec2071a9dac0b28ba1e65d5084"
    integrity sha512-xelSayHH36ZgE7ZWhli7pW34hNbNl8Ojv5KVmkJD4hBdD3th8Tfk9vYasLM+mXWOZhFkgZfxhLSnrwRr4elSSg==
    dependencies:
      is-extglob "^2.1.1"
  
  is-number@^7.0.0:
    version "7.0.0"
    resolved "https://registry.yarnpkg.com/is-number/-/is-number-7.0.0.tgz#7535345b896734d5f80c4d06c50955527a14f12b"
    integrity sha512-41Cifkg6e8TylSpdtTpeLVMqvSBEVzTttHvERD741+pnZ8ANv0004MRL43QKPDlK9cGvNp6NZWZUBlbGXYxxng==
  
  is-typed-array@^1.1.10, is-typed-array@^1.1.3:
    version "1.1.10"
    resolved "https://registry.yarnpkg.com/is-typed-array/-/is-typed-array-1.1.10.tgz#36a5b5cb4189b575d1a3e4b08536bfb485801e3f"
    integrity sha512-PJqgEHiWZvMpaFZ3uTc8kHPM4+4ADTlDniuQL7cU/UDA0Ql7F70yGfHph3cLNe+c9toaigv+DFzTJKhc2CtO6A==
    dependencies:
      available-typed-arrays "^1.0.5"
      call-bind "^1.0.2"
      for-each "^0.3.3"
      gopd "^1.0.1"
      has-tostringtag "^1.0.0"
  
  isarray@^1.0.0:
    version "1.0.0"
    resolved "https://registry.yarnpkg.com/isarray/-/isarray-1.0.0.tgz#bb935d48582cba168c06834957a54a3e07124f11"
    integrity sha512-VLghIWNM6ELQzo7zwmcg0NmTVyWKYjvIeM83yjp0wRDTmUnrM678fQbcKBo6n2CJEF0szoG//ytg+TKla89ALQ==
  
  jmespath@0.16.0:
    version "0.16.0"
    resolved "https://registry.yarnpkg.com/jmespath/-/jmespath-0.16.0.tgz#b15b0a85dfd4d930d43e69ed605943c802785076"
    integrity sha512-9FzQjJ7MATs1tSpnco1K6ayiYE3figslrXA72G2HQ/n76RzvYlofyi5QM+iX4YRs/pu3yzxlVQSST23+dMDknw==
  
  js-yaml-import@^1.0.3:
    version "1.0.3"
    resolved "https://registry.yarnpkg.com/js-yaml-import/-/js-yaml-import-1.0.3.tgz#23eb37c58c4b23fc45da1406ab4ae1dea8d8d587"
    integrity sha512-HAaJRQ4wJDBaQLrqn6+vres9+SxruGL1xJZOMQgrnKFcl+rjczd80DnSiAGEhgfV+Eu2QJd/GUlZsOqOYcHtCA==
    dependencies:
      js-yaml "^3.14.0"
      lodash "^4.17.20"
  
  js-yaml@^3.14.0:
    version "3.14.1"
    resolved "https://registry.yarnpkg.com/js-yaml/-/js-yaml-3.14.1.tgz#dae812fdb3825fa306609a8717383c50c36a0537"
    integrity sha512-okMH7OXXJ7YrN9Ok3/SXrnu4iX9yOk+25nqX4imS2npuvTYDmo/QEZoqwZkYaIDk3jVvBOTOIEgEhaLOynBS9g==
    dependencies:
      argparse "^1.0.7"
      esprima "^4.0.0"
  
  js-yaml@^4.1.0:
    version "4.1.0"
    resolved "https://registry.yarnpkg.com/js-yaml/-/js-yaml-4.1.0.tgz#c1fb65f8f5017901cdd2c951864ba18458a10602"
    integrity sha512-wpxZs9NoxZaJESJGIZTyDEaYpl0FKSA+FB9aJiyemKhMwkxQg63h4T1KJgUGHpTqPDNRcmmYLugrRjJlBtWvRA==
    dependencies:
      argparse "^2.0.1"
  
  json5@^2.2.2:
    version "2.2.3"
    resolved "https://registry.yarnpkg.com/json5/-/json5-2.2.3.tgz#78cd6f1a19bdc12b73db5ad0c61efd66c1e29283"
    integrity sha512-XmOWe7eyHYH14cLdVPoyg+GOH3rYX++KpzrylJwSW98t3Nk+U8XOl8FWKOgwtzdb8lXGf6zYwDUzeHMWfxasyg==
  
  lodash@^4.17.20:
    version "4.17.21"
    resolved "https://registry.yarnpkg.com/lodash/-/lodash-4.17.21.tgz#679591c564c3bffaae8454cf0b3df370c3d6911c"
    integrity sha512-v2kDEe57lecTulaDIuNTPy3Ry4gLGJ6Z1O3vE1krgXZNrsQ+LFTGHVxVjcXPs17LhbZVGedAJv8XZ1tvj5FvSg==
  
  make-error@^1.1.1:
    version "1.3.6"
    resolved "https://registry.yarnpkg.com/make-error/-/make-error-1.3.6.tgz#2eb2e37ea9b67c4891f684a1394799af484cf7a2"
    integrity sha512-s8UhlNe7vPKomQhC1qFelMokr/Sc3AgNbso3n74mVPA5LTZwkB9NlXf4XPamLxJE8h0gh73rM94xvwRT2CVInw==
  
  minimatch@^3.1.1:
    version "3.1.2"
    resolved "https://registry.yarnpkg.com/minimatch/-/minimatch-3.1.2.tgz#19cd194bfd3e428f049a70817c038d89ab4be35b"
    integrity sha512-J7p63hRiAjw1NDEww1W7i37+ByIrOWO5XQQAzZ3VOcL0PNybwpfmV/N05zFAzwQ9USyEcX6t3UO+K5aqBQOIHw==
    dependencies:
      brace-expansion "^1.1.7"
  
  minimist@^1.2.6:
    version "1.2.7"
    resolved "https://registry.yarnpkg.com/minimist/-/minimist-1.2.7.tgz#daa1c4d91f507390437c6a8bc01078e7000c4d18"
    integrity sha512-bzfL1YUZsP41gmu/qjrEk0Q6i2ix/cVeAhbCbqH9u3zYutS1cLg00qhrD0M2MVdCcx4Sc0UpP2eBWo9rotpq6g==
  
  mkdirp@^1.0.4:
    version "1.0.4"
    resolved "https://registry.yarnpkg.com/mkdirp/-/mkdirp-1.0.4.tgz#3eb5ed62622756d79a5f0e2a221dfebad75c2f7e"
    integrity sha512-vVqVZQyf3WLx2Shd0qJ9xuvqgAyKPLAiqITEtqW0oIUjzo3PePDd6fW9iFz30ef7Ysp/oiWqbhszeGWW2T6Gzw==
  
  normalize-path@^3.0.0, normalize-path@~3.0.0:
    version "3.0.0"
    resolved "https://registry.yarnpkg.com/normalize-path/-/normalize-path-3.0.0.tgz#0dcd69ff23a1c9b11fd0978316644a0388216a65"
    integrity sha512-6eZs5Ls3WtCisHWp9S2GUy8dqkpGi4BVSz3GaqiE6ezub0512ESztXUwUB6C6IKbQkY2Pnb/mD4WYojCRwcwLA==
  
  once@^1.3.0:
    version "1.4.0"
    resolved "https://registry.yarnpkg.com/once/-/once-1.4.0.tgz#583b1aa775961d4b113ac17d9c50baef9dd76bd1"
    integrity sha512-lNaJgI+2Q5URQBkccEKHTQOPaXdUxnZZElQTZY0MFUAuaEqe1E+Nyvgdz/aIyNi6Z9MzO5dv1H8n58/GELp3+w==
    dependencies:
      wrappy "1"
  
  path-is-absolute@^1.0.0:
    version "1.0.1"
    resolved "https://registry.yarnpkg.com/path-is-absolute/-/path-is-absolute-1.0.1.tgz#174b9268735534ffbc7ace6bf53a5a9e1b5c5f5f"
    integrity sha512-AVbw3UJ2e9bq64vSaS9Am0fje1Pa8pbGqTTsmXfaIiMpnr5DlDhfJOuLj9Sf95ZPVDAUerDfEk88MPmPe7UCQg==
  
  path-parse@^1.0.7:
    version "1.0.7"
    resolved "https://registry.yarnpkg.com/path-parse/-/path-parse-1.0.7.tgz#fbc114b60ca42b30d9daf5858e4bd68bbedb6735"
    integrity sha512-LDJzPVEEEPR+y48z93A0Ed0yXb8pAByGWo/k5YYdYgpY2/2EsOsksJrq7lOHxryrVOn1ejG6oAp8ahvOIQD8sw==
  
  picomatch@^2.0.4, picomatch@^2.2.1:
    version "2.3.1"
    resolved "https://registry.yarnpkg.com/picomatch/-/picomatch-2.3.1.tgz#3ba3833733646d9d3e4995946c1365a67fb07a42"
    integrity sha512-JU3teHTNjmE2VCGFzuY8EXzCDVwEqB2a8fsIvwaStHhAWJEeVd1o1QD80CU6+ZdEXXSLbSsuLwJjkCBWqRQUVA==
  
  punycode@1.3.2:
    version "1.3.2"
    resolved "https://registry.yarnpkg.com/punycode/-/punycode-1.3.2.tgz#9653a036fb7c1ee42342f2325cceefea3926c48d"
    integrity sha512-RofWgt/7fL5wP1Y7fxE7/EmTLzQVnB0ycyibJ0OOHIlJqTNzglYFxVwETOcIoJqJmpDXJ9xImDv+Fq34F/d4Dw==
  
  querystring@0.2.0:
    version "0.2.0"
    resolved "https://registry.yarnpkg.com/querystring/-/querystring-0.2.0.tgz#b209849203bb25df820da756e747005878521620"
    integrity sha512-X/xY82scca2tau62i9mDyU9K+I+djTMUsvwf7xnUX5GLvVzgJybOJf4Y6o9Zx3oJK/LSXg5tTZBjwzqVPaPO2g==
  
  readdirp@~3.6.0:
    version "3.6.0"
    resolved "https://registry.yarnpkg.com/readdirp/-/readdirp-3.6.0.tgz#74a370bd857116e245b29cc97340cd431a02a6c7"
    integrity sha512-hOS089on8RduqdbhvQ5Z37A0ESjsqz6qnRcffsMU3495FuTdqSm+7bhJ29JvIOsBDEEnan5DPu9t3To9VRlMzA==
    dependencies:
      picomatch "^2.2.1"
  
  requirejs@^2.3.6:
    version "2.3.6"
    resolved "https://registry.yarnpkg.com/requirejs/-/requirejs-2.3.6.tgz#e5093d9601c2829251258c0b9445d4d19fa9e7c9"
    integrity sha512-ipEzlWQe6RK3jkzikgCupiTbTvm4S0/CAU5GlgptkN5SO6F3u0UD0K18wy6ErDqiCyP4J4YYe1HuAShvsxePLg==
  
  resolve@^1.0.0:
    version "1.22.1"
    resolved "https://registry.yarnpkg.com/resolve/-/resolve-1.22.1.tgz#27cb2ebb53f91abb49470a928bba7558066ac177"
    integrity sha512-nBpuuYuY5jFsli/JIs1oldw6fOQCBioohqWZg/2hiaOybXOft4lonv85uDOKXdf8rhyK159cxU5cDcK/NKk8zw==
    dependencies:
      is-core-module "^2.9.0"
      path-parse "^1.0.7"
      supports-preserve-symlinks-flag "^1.0.0"
  
  rimraf@^2.6.1:
    version "2.7.1"
    resolved "https://registry.yarnpkg.com/rimraf/-/rimraf-2.7.1.tgz#35797f13a7fdadc566142c29d4f07ccad483e3ec"
    integrity sha512-uWjbaKIK3T1OSVptzX7Nl6PvQ3qAGtKEtVRjRuazjfL3Bx5eI409VZSqgND+4UNnmzLVdPj9FqFJNPqBZFve4w==
    dependencies:
      glob "^7.1.3"
  
  sax@1.2.1:
    version "1.2.1"
    resolved "https://registry.yarnpkg.com/sax/-/sax-1.2.1.tgz#7b8e656190b228e81a66aea748480d828cd2d37a"
    integrity sha512-8I2a3LovHTOpm7NV5yOyO8IHqgVsfK4+UuySrXU8YXkSRX7k6hCV9b3HrkKCr3nMpgj+0bmocaJJWpvp1oc7ZA==
  
  sax@>=0.6.0:
    version "1.2.4"
    resolved "https://registry.yarnpkg.com/sax/-/sax-1.2.4.tgz#2816234e2378bddc4e5354fab5caa895df7100d9"
    integrity sha512-NqVDv9TpANUjFm0N8uM5GxL36UgKi9/atZw+x7YFnQ8ckwFGKrl4xX4yWtrey3UJm5nP1kUbnYgLopqWNSRhWw==
  
  source-map-support@^0.5.12:
    version "0.5.21"
    resolved "https://registry.yarnpkg.com/source-map-support/-/source-map-support-0.5.21.tgz#04fe7c7f9e1ed2d662233c28cb2b35b9f63f6e4f"
    integrity sha512-uBHU3L3czsIyYXKX88fdrGovxdSCoTGDRZ6SYXtSRxLZUzHg5P/66Ht6uoUlHu9EZod+inXhKo3qQgwXUT/y1w==
    dependencies:
      buffer-from "^1.0.0"
      source-map "^0.6.0"
  
  source-map@^0.6.0:
    version "0.6.1"
    resolved "https://registry.yarnpkg.com/source-map/-/source-map-0.6.1.tgz#74722af32e9614e9c287a8d0bbde48b5e2f1a263"
    integrity sha512-UjgapumWlbMhkBgzT7Ykc5YXUT46F0iKu8SGXq0bcwP5dz/h0Plj6enJqjz1Zbq2l5WaqYnrVbwWOWMyF3F47g==
  
  sprintf-js@~1.0.2:
    version "1.0.3"
    resolved "https://registry.yarnpkg.com/sprintf-js/-/sprintf-js-1.0.3.tgz#04e6926f662895354f3dd015203633b857297e2c"
    integrity sha512-D9cPgkvLlV3t3IzL0D0YLvGA9Ahk4PcvVwUbN0dSGr1aP0Nrt4AEnTUbuGvquEC0mA64Gqt1fzirlRs5ibXx8g==
  
  strip-bom@^3.0.0:
    version "3.0.0"
    resolved "https://registry.yarnpkg.com/strip-bom/-/strip-bom-3.0.0.tgz#2334c18e9c759f7bdd56fdef7e9ae3d588e68ed3"
    integrity sha512-vavAMRXOgBVNF6nyEEmL3DBK19iRpDcoIwW+swQ+CbGiu7lju6t+JklA1MHweoWtadgt4ISVUsXLyDq34ddcwA==
  
  strip-json-comments@^2.0.0:
    version "2.0.1"
    resolved "https://registry.yarnpkg.com/strip-json-comments/-/strip-json-comments-2.0.1.tgz#3c531942e908c2697c0ec344858c286c7ca0a60a"
    integrity sha512-4gB8na07fecVVkOI6Rs4e7T6NOTki5EmL7TUduTs6bu3EdnSycntVJ4re8kgZA+wx9IueI2Y11bfbgwtzuE0KQ==
  
  strnum@^1.0.5:
    version "1.0.5"
    resolved "https://registry.yarnpkg.com/strnum/-/strnum-1.0.5.tgz#5c4e829fe15ad4ff0d20c3db5ac97b73c9b072db"
    integrity sha512-J8bbNyKKXl5qYcR36TIO8W3mVGVHrmmxsd5PAItGkmyzwJvybiw2IVq5nqd0i4LSNSkB/sx9VHllbfFdr9k1JA==
  
  supports-preserve-symlinks-flag@^1.0.0:
    version "1.0.0"
    resolved "https://registry.yarnpkg.com/supports-preserve-symlinks-flag/-/supports-preserve-symlinks-flag-1.0.0.tgz#6eda4bd344a3c94aea376d4cc31bc77311039e09"
    integrity sha512-ot0WnXS9fgdkgIcePe6RHNk1WA8+muPa6cSjeR3V8K27q9BB1rTE3R1p7Hv0z1ZyAc8s6Vvv8DIyWf681MAt0w==
  
  to-regex-range@^5.0.1:
    version "5.0.1"
    resolved "https://registry.yarnpkg.com/to-regex-range/-/to-regex-range-5.0.1.tgz#1648c44aae7c8d988a326018ed72f5b4dd0392e4"
    integrity sha512-65P7iz6X5yEr1cwcgvQxbbIw7Uk3gOy5dIdtZ4rDveLqhrdJP+Li/Hx6tyK0NEb+2GCyneCMJiGqrADCSNk8sQ==
    dependencies:
      is-number "^7.0.0"
  
  tree-kill@^1.2.2:
    version "1.2.2"
    resolved "https://registry.yarnpkg.com/tree-kill/-/tree-kill-1.2.2.tgz#4ca09a9092c88b73a7cdc5e8a01b507b0790a0cc"
    integrity sha512-L0Orpi8qGpRG//Nd+H90vFB+3iHnue1zSSGmNOOCh1GLJ7rUKVwV2HvijphGQS2UmhUZewS9VgvxYIdgr+fG1A==
  
  ts-node-dev@^2.0.0:
    version "2.0.0"
    resolved "https://registry.yarnpkg.com/ts-node-dev/-/ts-node-dev-2.0.0.tgz#bdd53e17ab3b5d822ef519928dc6b4a7e0f13065"
    integrity sha512-ywMrhCfH6M75yftYvrvNarLEY+SUXtUvU8/0Z6llrHQVBx12GiFk5sStF8UdfE/yfzk9IAq7O5EEbTQsxlBI8w==
    dependencies:
      chokidar "^3.5.1"
      dynamic-dedupe "^0.3.0"
      minimist "^1.2.6"
      mkdirp "^1.0.4"
      resolve "^1.0.0"
      rimraf "^2.6.1"
      source-map-support "^0.5.12"
      tree-kill "^1.2.2"
      ts-node "^10.4.0"
      tsconfig "^7.0.0"
  
  ts-node@^10.4.0:
    version "10.9.1"
    resolved "https://registry.yarnpkg.com/ts-node/-/ts-node-10.9.1.tgz#e73de9102958af9e1f0b168a6ff320e25adcff4b"
    integrity sha512-NtVysVPkxxrwFGUUxGYhfux8k78pQB3JqYBXlLRZgdGUqTO5wU/UyHop5p70iEbGhB7q5KmiZiU0Y3KlJrScEw==
    dependencies:
      "@cspotcode/source-map-support" "^0.8.0"
      "@tsconfig/node10" "^1.0.7"
      "@tsconfig/node12" "^1.0.7"
      "@tsconfig/node14" "^1.0.0"
      "@tsconfig/node16" "^1.0.2"
      acorn "^8.4.1"
      acorn-walk "^8.1.1"
      arg "^4.1.0"
      create-require "^1.1.0"
      diff "^4.0.1"
      make-error "^1.1.1"
      v8-compile-cache-lib "^3.0.1"
      yn "3.1.1"
  
  tsconfig-paths@^4.1.2:
    version "4.1.2"
    resolved "https://registry.yarnpkg.com/tsconfig-paths/-/tsconfig-paths-4.1.2.tgz#4819f861eef82e6da52fb4af1e8c930a39ed979a"
    integrity sha512-uhxiMgnXQp1IR622dUXI+9Ehnws7i/y6xvpZB9IbUVOPy0muvdvgXeZOn88UcGPiT98Vp3rJPTa8bFoalZ3Qhw==
    dependencies:
      json5 "^2.2.2"
      minimist "^1.2.6"
      strip-bom "^3.0.0"
  
  tsconfig@^7.0.0:
    version "7.0.0"
    resolved "https://registry.yarnpkg.com/tsconfig/-/tsconfig-7.0.0.tgz#84538875a4dc216e5c4a5432b3a4dec3d54e91b7"
    integrity sha512-vZXmzPrL+EmC4T/4rVlT2jNVMWCi/O4DIiSj3UHg1OE5kCKbk4mfrXc6dZksLgRM/TZlKnousKH9bbTazUWRRw==
    dependencies:
      "@types/strip-bom" "^3.0.0"
      "@types/strip-json-comments" "0.0.30"
      strip-bom "^3.0.0"
      strip-json-comments "^2.0.0"
  
  tslib@^1.11.1:
    version "1.14.1"
    resolved "https://registry.yarnpkg.com/tslib/-/tslib-1.14.1.tgz#cf2d38bdc34a134bcaf1091c41f6619e2f672d00"
    integrity sha512-Xni35NKzjgMrwevysHTCArtLDpPvye8zV/0E4EyYn43P7/7qvQwPh9BGkHewbMulVntbigmcT7rdX3BNo9wRJg==
  
  tslib@^2.3.1:
    version "2.4.1"
    resolved "https://registry.yarnpkg.com/tslib/-/tslib-2.4.1.tgz#0d0bfbaac2880b91e22df0768e55be9753a5b17e"
    integrity sha512-tGyy4dAjRIEwI7BzsB0lynWgOpfqjUdq91XXAlIWD2OwKBH7oCl/GZG/HT4BOHrTlPMOASlMQ7veyTqpmRcrNA==
  
  typescript@^4.9.4:
    version "4.9.4"
    resolved "https://registry.yarnpkg.com/typescript/-/typescript-4.9.4.tgz#a2a3d2756c079abda241d75f149df9d561091e78"
    integrity sha512-Uz+dTXYzxXXbsFpM86Wh3dKCxrQqUcVMxwU54orwlJjOpO3ao8L7j5lH+dWfTwgCwIuM9GQ2kvVotzYJMXTBZg==
  
  url@0.10.3:
    version "0.10.3"
    resolved "https://registry.yarnpkg.com/url/-/url-0.10.3.tgz#021e4d9c7705f21bbf37d03ceb58767402774c64"
    integrity sha512-hzSUW2q06EqL1gKM/a+obYHLIO6ct2hwPuviqTTOcfFVc61UbfJ2Q32+uGL/HCPxKqrdGB5QUwIe7UqlDgwsOQ==
    dependencies:
      punycode "1.3.2"
      querystring "0.2.0"
  
  util@^0.12.4:
    version "0.12.5"
    resolved "https://registry.yarnpkg.com/util/-/util-0.12.5.tgz#5f17a6059b73db61a875668781a1c2b136bd6fbc"
    integrity sha512-kZf/K6hEIrWHI6XqOFUiiMa+79wE/D8Q+NCNAWclkyg3b4d2k7s0QGepNjiABc+aR3N1PAyHL7p6UcLY6LmrnA==
    dependencies:
      inherits "^2.0.3"
      is-arguments "^1.0.4"
      is-generator-function "^1.0.7"
      is-typed-array "^1.1.3"
      which-typed-array "^1.1.2"
  
  uuid@8.0.0:
    version "8.0.0"
    resolved "https://registry.yarnpkg.com/uuid/-/uuid-8.0.0.tgz#bc6ccf91b5ff0ac07bbcdbf1c7c4e150db4dbb6c"
    integrity sha512-jOXGuXZAWdsTH7eZLtyXMqUb9EcWMGZNbL9YcGBJl4MH4nrxHmZJhEHvyLFrkxo+28uLb/NYRcStH48fnD0Vzw==
  
  uuid@^8.3.2:
    version "8.3.2"
    resolved "https://registry.yarnpkg.com/uuid/-/uuid-8.3.2.tgz#80d5b5ced271bb9af6c445f21a1a04c606cefbe2"
    integrity sha512-+NYs2QeMWy+GWFOEm9xnn6HCDp0l7QBD7ml8zLUmJ+93Q5NF0NocErnwkTkXVFNiX3/fpC6afS8Dhb/gz7R7eg==
  
  v8-compile-cache-lib@^3.0.1:
    version "3.0.1"
    resolved "https://registry.yarnpkg.com/v8-compile-cache-lib/-/v8-compile-cache-lib-3.0.1.tgz#6336e8d71965cb3d35a1bbb7868445a7c05264bf"
    integrity sha512-wa7YjyUGfNZngI/vtK0UHAN+lgDCxBPCylVXGp0zu59Fz5aiGtNXaq3DhIov063MorB+VfufLh3JlF2KdTK3xg==
  
  which-typed-array@^1.1.2:
    version "1.1.9"
    resolved "https://registry.yarnpkg.com/which-typed-array/-/which-typed-array-1.1.9.tgz#307cf898025848cf995e795e8423c7f337efbde6"
    integrity sha512-w9c4xkx6mPidwp7180ckYWfMmvxpjlZuIudNtDf4N/tTAUB8VJbX25qZoAsrtGuYNnGw3pa0AXgbGKRB8/EceA==
    dependencies:
      available-typed-arrays "^1.0.5"
      call-bind "^1.0.2"
      for-each "^0.3.3"
      gopd "^1.0.1"
      has-tostringtag "^1.0.0"
      is-typed-array "^1.1.10"
  
  wrappy@1:
    version "1.0.2"
    resolved "https://registry.yarnpkg.com/wrappy/-/wrappy-1.0.2.tgz#b5243d8f3ec1aa35f1364605bc0d1036e30ab69f"
    integrity sha512-l4Sp/DRseor9wL6EvV2+TuQn63dMkPjZ/sp9XkghTEbV9KlPS1xUsZ3u7/IQO4wxtcFB4bgpQPRcR3QCvezPcQ==
  
  xml2js@0.4.19:
    version "0.4.19"
    resolved "https://registry.yarnpkg.com/xml2js/-/xml2js-0.4.19.tgz#686c20f213209e94abf0d1bcf1efaa291c7827a7"
    integrity sha512-esZnJZJOiJR9wWKMyuvSE1y6Dq5LCuJanqhxslH2bxM6duahNZ+HMpCLhBQGZkbX6xRf8x1Y2eJlgt2q3qo49Q==
    dependencies:
      sax ">=0.6.0"
      xmlbuilder "~9.0.1"
  
  xmlbuilder@~9.0.1:
    version "9.0.7"
    resolved "https://registry.yarnpkg.com/xmlbuilder/-/xmlbuilder-9.0.7.tgz#132ee63d2ec5565c557e20f4c22df9aca686b10d"
    integrity sha512-7YXTQc3P2l9+0rjaUbLwMKRhtmwg1M1eDf6nag7urC7pIPYLD9W/jmzQ4ptRSUbodw5S0jfoGTflLemQibSpeQ==
  
  xtend@^4.0.0:
    version "4.0.2"
    resolved "https://registry.yarnpkg.com/xtend/-/xtend-4.0.2.tgz#bb72779f5fa465186b1f438f674fa347fdb5db54"
    integrity sha512-LKYU1iAXJXUgAXn9URjiu+MWhyUXHsvfp7mcuYm9dSUKK0/CjtrUwFAxD82/mCWbtLsGjFIad0wIsod4zrTAEQ==
  
  yn@3.1.1:
    version "3.1.1"
    resolved "https://registry.yarnpkg.com/yn/-/yn-3.1.1.tgz#1e87401a09d767c1d5eab26a6e4c185182d2eb50"
    integrity sha512-Ux4ygGWsu2c7isFWe8Yu1YluJmqVhxqK2cLXNQA5AcC3QfbGNpM7fu0Y8b/z16pXLnFxZYvWhd3fhBY9DLmC6Q==
